build	build	ï»¿2026-02-05T08:45:43.5696030Z ##[group]Run cmake --build build -j4
build	build	2026-02-05T08:45:43.5696400Z [36;1mcmake --build build -j4[0m
build	build	2026-02-05T08:45:43.5780170Z shell: /bin/bash -e {0}
build	build	2026-02-05T08:45:43.5780430Z env:
build	build	2026-02-05T08:45:43.5780630Z   CTEST_OUTPUT_ON_FAILURE: 1
build	build	2026-02-05T08:45:43.5780980Z   CPM_SOURCE_CACHE: /Users/runner/work/multiplierless-cpp/multiplierless-cpp/cpm_modules
build	build	2026-02-05T08:45:43.5781340Z ##[endgroup]
build	build	2026-02-05T08:45:43.7645330Z [  4%] Building CXX object _deps/fmt-build/CMakeFiles/fmt.dir/src/format.cc.o
build	build	2026-02-05T08:45:43.7680130Z [  9%] Building CXX object _deps/fmt-build/CMakeFiles/fmt.dir/src/os.cc.o
build	build	2026-02-05T08:45:45.5653900Z [ 13%] Linking CXX static library libfmtd.a
build	build	2026-02-05T08:45:46.9744480Z [ 13%] Built target fmt
build	build	2026-02-05T08:45:47.0260710Z [ 18%] Building CXX object _deps/ellalgo-build/CMakeFiles/EllAlgo.dir/source/ell_calc_core.cpp.o
build	build	2026-02-05T08:45:47.0376660Z [ 22%] Building CXX object _deps/ellalgo-build/CMakeFiles/EllAlgo.dir/source/ell1d.cpp.o
build	build	2026-02-05T08:45:47.0500060Z [ 27%] Building CXX object _deps/ellalgo-build/CMakeFiles/EllAlgo.dir/source/ell_calc.cpp.o
build	build	2026-02-05T08:45:47.0632340Z [ 31%] Building CXX object _deps/ellalgo-build/CMakeFiles/EllAlgo.dir/source/ell_core.cpp.o
build	build	2026-02-05T08:45:47.1350950Z [ 36%] Building CXX object _deps/ellalgo-build/CMakeFiles/EllAlgo.dir/source/greeter.cpp.o
build	build	2026-02-05T08:45:47.3330850Z [ 40%] Building CXX object _deps/ellalgo-build/CMakeFiles/EllAlgo.dir/source/ldlt_mgr.cpp.o
build	build	2026-02-05T08:45:47.3711760Z [ 45%] Building CXX object _deps/ellalgo-build/CMakeFiles/EllAlgo.dir/source/lowpass_oracle.cpp.o
build	build	2026-02-05T08:45:47.4413060Z [ 50%] Building CXX object _deps/ellalgo-build/CMakeFiles/EllAlgo.dir/source/profit_oracle.cpp.o
build	build	2026-02-05T08:45:48.5139640Z [ 54%] Linking CXX static library libEllAlgo.a
build	build	2026-02-05T08:45:48.6080140Z [ 54%] Built target EllAlgo
build	build	2026-02-05T08:45:48.6574490Z [ 59%] Building CXX object CMakeFiles/Multiplierless.dir/source/csd.cpp.o
build	build	2026-02-05T08:45:48.6682950Z [ 63%] Building CXX object CMakeFiles/Multiplierless.dir/source/lowpass_oracle_q.cpp.o
build	build	2026-02-05T08:45:48.6807620Z [ 68%] Building CXX object CMakeFiles/Multiplierless.dir/source/lowpass_oracle.cpp.o
build	build	2026-02-05T08:45:48.6941440Z [ 72%] Building CXX object CMakeFiles/Multiplierless.dir/source/spectral_fact.cpp.o
build	build	2026-02-05T08:45:50.2204560Z In file included from /Users/runner/work/multiplierless-cpp/multiplierless-cpp/source/lowpass_oracle_q.cpp:2:
build	build	2026-02-05T08:45:50.2306060Z In file included from /Users/runner/work/multiplierless-cpp/multiplierless-cpp/include/multiplierless/lowpass_oracle_q.hpp:7:
build	build	2026-02-05T08:45:50.2407470Z In file included from /Users/runner/work/multiplierless-cpp/multiplierless-cpp/include/multiplierless/lowpass_oracle.hpp:6:
build	build	2026-02-05T08:45:50.2507350Z In file included from /Users/runner/work/multiplierless-cpp/multiplierless-cpp/cpm_modules/xtensor/4a957e26c765b48cbec4a4235fe9e518d5a85d3d/include/xtensor/xarray.hpp:19:
build	build	2026-02-05T08:45:50.2607690Z In file included from /Users/runner/work/multiplierless-cpp/multiplierless-cpp/cpm_modules/xtensor/4a957e26c765b48cbec4a4235fe9e518d5a85d3d/include/xtensor/xbuffer_adaptor.hpp:21:
build	build	2026-02-05T08:45:50.2709420Z In file included from /Users/runner/work/multiplierless-cpp/multiplierless-cpp/cpm_modules/xtensor/4a957e26c765b48cbec4a4235fe9e518d5a85d3d/include/xtensor/xstorage.hpp:23:
build	build	2026-02-05T08:45:50.2811620Z In file included from /Users/runner/work/multiplierless-cpp/multiplierless-cpp/cpm_modules/xtensor/4a957e26c765b48cbec4a4235fe9e518d5a85d3d/include/xtensor/xtensor_simd.hpp:17:
build	build	2026-02-05T08:45:50.2921030Z /Users/runner/work/multiplierless-cpp/multiplierless-cpp/cpm_modules/xtensor/4a957e26c765b48cbec4a4235fe9e518d5a85d3d/include/xtensor/xutils.hpp:896:31: error: ambiguous partial specializations of 'rebind_container<long, xt::svector<unsigned long>>'
build	build	2026-02-05T08:45:50.3011630Z   896 |         using type = typename rebind_container<std::ptrdiff_t, S>::type;
build	build	2026-02-05T08:45:50.3112050Z       |                               ^
build	build	2026-02-05T08:45:50.3214300Z /Users/runner/work/multiplierless-cpp/multiplierless-cpp/cpm_modules/xtensor/4a957e26c765b48cbec4a4235fe9e518d5a85d3d/include/xtensor/xutils.hpp:924:5: note: in instantiation of template class 'xt::get_strides_type<xt::svector<unsigned long>>' requested here
build	build	2026-02-05T08:45:50.3315170Z   924 |     using get_strides_t = typename get_strides_type<C>::type;
build	build	2026-02-05T08:45:50.3417030Z       |     ^
build	build	2026-02-05T08:45:50.3519220Z /Users/runner/work/multiplierless-cpp/multiplierless-cpp/cpm_modules/xtensor/4a957e26c765b48cbec4a4235fe9e518d5a85d3d/include/xtensor/xarray.hpp:53:30: note: in instantiation of template type alias 'get_strides_t' requested here
build	build	2026-02-05T08:45:50.3619740Z    53 |         using strides_type = get_strides_t<shape_type>;
build	build	2026-02-05T08:45:50.3721120Z       |                              ^
build	build	2026-02-05T08:45:50.3825160Z /Users/runner/work/multiplierless-cpp/multiplierless-cpp/cpm_modules/xtensor/4a957e26c765b48cbec4a4235fe9e518d5a85d3d/include/xtensor/xcontainer.hpp:36:43: note: in instantiation of template class 'xt::xcontainer_inner_types<xt::xarray_container<xt::uvector<double>, xt::layout_type::row_major, xt::svector<unsigned long>>>' requested here
build	build	2026-02-05T08:45:50.3922810Z    36 |         using inner_shape_type = typename xcontainer_inner_types<D>::inner_shape_type;
build	build	2026-02-05T08:45:50.4017270Z       |                                           ^
build	build	2026-02-05T08:45:50.4064010Z /Users/runner/work/multiplierless-cpp/multiplierless-cpp/cpm_modules/xtensor/4a957e26c765b48cbec4a4235fe9e518d5a85d3d/include/xtensor/xarray.hpp:64:11: note: in instantiation of template class 'xt::xcontainer_iterable_types<xt::xarray_container<xt::uvector<double>, xt::layout_type::row_major, xt::svector<unsigned long>>>' requested here
build	build	2026-02-05T08:45:50.4069340Z    64 |         : xcontainer_iterable_types<xarray_container<EC, L, SC, Tag>>
build	build	2026-02-05T08:45:50.4170790Z       |           ^
build	build	2026-02-05T08:45:50.4274830Z /Users/runner/work/multiplierless-cpp/multiplierless-cpp/cpm_modules/xtensor/4a957e26c765b48cbec4a4235fe9e518d5a85d3d/include/xtensor/xiterable.hpp:43:43: note: in instantiation of template class 'xt::xiterable_inner_types<xt::xarray_container<xt::uvector<double>, xt::layout_type::row_major, xt::svector<unsigned long>>>' requested here
build	build	2026-02-05T08:45:50.4378730Z    43 |         using inner_shape_type = typename iterable_types::inner_shape_type;
build	build	2026-02-05T08:45:50.4492410Z       |                                           ^
build	build	2026-02-05T08:45:50.4594330Z /Users/runner/work/multiplierless-cpp/multiplierless-cpp/cpm_modules/xtensor/4a957e26c765b48cbec4a4235fe9e518d5a85d3d/include/xtensor/xiterable.hpp:151:30: note: (skipping 1 context in backtrace; use -ftemplate-backtrace-limit=0 to see all)
build	build	2026-02-05T08:45:50.4696250Z   151 |     class xiterable : public xconst_iterable<D>
build	build	2026-02-05T08:45:50.4798300Z       |                              ^
build	build	2026-02-05T08:45:50.4900640Z /Users/runner/work/multiplierless-cpp/multiplierless-cpp/cpm_modules/xtensor/4a957e26c765b48cbec4a4235fe9e518d5a85d3d/include/xtensor/xiterable.hpp:311:42: note: in instantiation of template class 'xt::xiterable<xt::xarray_container<xt::uvector<double>, xt::layout_type::row_major, xt::svector<unsigned long>>>' requested here
build	build	2026-02-05T08:45:50.5001910Z   311 |     class xcontiguous_iterable : private xiterable<D>
build	build	2026-02-05T08:45:50.5103120Z       |                                          ^
build	build	2026-02-05T08:45:50.5205230Z /Users/runner/work/multiplierless-cpp/multiplierless-cpp/cpm_modules/xtensor/4a957e26c765b48cbec4a4235fe9e518d5a85d3d/include/xtensor/xcontainer.hpp:71:31: note: in instantiation of template class 'xt::xcontiguous_iterable<xt::xarray_container<xt::uvector<double>, xt::layout_type::row_major, xt::svector<unsigned long>>>' requested here
build	build	2026-02-05T08:45:50.5305120Z    71 |     class xcontainer : public xcontiguous_iterable<D>,
build	build	2026-02-05T08:45:50.5407600Z       |                               ^
build	build	2026-02-05T08:45:50.5511290Z /Users/runner/work/multiplierless-cpp/multiplierless-cpp/cpm_modules/xtensor/4a957e26c765b48cbec4a4235fe9e518d5a85d3d/include/xtensor/xcontainer.hpp:260:39: note: in instantiation of template class 'xt::xcontainer<xt::xarray_container<xt::uvector<double>, xt::layout_type::row_major, xt::svector<unsigned long>>>' requested here
build	build	2026-02-05T08:45:50.5609530Z   260 |     class xstrided_container : public xcontainer<D>
build	build	2026-02-05T08:45:50.5711040Z       |                                       ^
build	build	2026-02-05T08:45:50.5813250Z /Users/runner/work/multiplierless-cpp/multiplierless-cpp/cpm_modules/xtensor/4a957e26c765b48cbec4a4235fe9e518d5a85d3d/include/xtensor/xarray.hpp:82:37: note: in instantiation of template class 'xt::xstrided_container<xt::xarray_container<xt::uvector<double>, xt::layout_type::row_major, xt::svector<unsigned long>>>' requested here
build	build	2026-02-05T08:45:50.5913630Z    82 |     class xarray_container : public xstrided_container<xarray_container<EC, L, SC, Tag>>,
build	build	2026-02-05T08:45:50.6016790Z       |                                     ^
build	build	2026-02-05T08:45:50.6120510Z /Users/runner/work/multiplierless-cpp/multiplierless-cpp/include/multiplierless/lowpass_oracle.hpp:44:9: note: in instantiation of template class 'xt::xarray_container<xt::uvector<double>, xt::layout_type::row_major, xt::svector<unsigned long>>' requested here
build	build	2026-02-05T08:45:50.6219840Z    44 |     Arr Ap;
build	build	2026-02-05T08:45:50.6320920Z       |         ^
build	build	2026-02-05T08:45:50.6424070Z /Users/runner/work/multiplierless-cpp/multiplierless-cpp/cpm_modules/xtensor/4a957e26c765b48cbec4a4235fe9e518d5a85d3d/include/xtensor/xutils.hpp:883:12: note: partial specialization matches [with X = long, C = xt::svector, T = unsigned long, N = 4]
build	build	2026-02-05T08:45:50.6523130Z   883 |     struct rebind_container<X, C<T, N>>
build	build	2026-02-05T08:45:50.6624580Z       |            ^
build	build	2026-02-05T08:45:50.6726380Z /Users/runner/work/multiplierless-cpp/multiplierless-cpp/cpm_modules/xtensor/4a957e26c765b48cbec4a4235fe9e518d5a85d3d/include/xtensor/xstorage.hpp:1415:12: note: partial specialization matches [with X = long, T = unsigned long, N = 4, A = std::allocator<unsigned long>, B = true]
build	build	2026-02-05T08:45:50.6826380Z  1415 |     struct rebind_container<X, svector<T, N, A, B>>
build	build	2026-02-05T08:45:50.6928090Z       |            ^
build	build	2026-02-05T08:45:50.7029880Z In file included from /Users/runner/work/multiplierless-cpp/multiplierless-cpp/source/lowpass_oracle_q.cpp:2:
build	build	2026-02-05T08:45:50.7131920Z In file included from /Users/runner/work/multiplierless-cpp/multiplierless-cpp/include/multiplierless/lowpass_oracle_q.hpp:7:
build	build	2026-02-05T08:45:50.7233130Z In file included from /Users/runner/work/multiplierless-cpp/multiplierless-cpp/include/multiplierless/lowpass_oracle.hpp:6:
build	build	2026-02-05T08:45:50.7334040Z In file included from /Users/runner/work/multiplierless-cpp/multiplierless-cpp/cpm_modules/xtensor/4a957e26c765b48cbec4a4235fe9e518d5a85d3d/include/xtensor/xarray.hpp:20:
build	build	2026-02-05T08:45:50.7436000Z In file included from /Users/runner/work/multiplierless-cpp/multiplierless-cpp/cpm_modules/xtensor/4a957e26c765b48cbec4a4235fe9e518d5a85d3d/include/xtensor/xcontainer.hpp:23:
build	build	2026-02-05T08:45:50.7541800Z /Users/runner/work/multiplierless-cpp/multiplierless-cpp/cpm_modules/xtensor/4a957e26c765b48cbec4a4235fe9e518d5a85d3d/include/xtensor/xiterable.hpp:45:50: error: no type named 'stepper' in 'xt::xiterable_inner_types<xt::xarray_container<xt::uvector<double>, xt::layout_type::row_major, xt::svector<unsigned long>>>'
build	build	2026-02-05T08:45:50.7643540Z    45 |         using stepper = typename iterable_types::stepper;
build	build	2026-02-05T08:45:50.7743730Z       |                         ~~~~~~~~~~~~~~~~~~~~~~~~~^~~~~~~
build	build	2026-02-05T08:45:50.7845860Z /Users/runner/work/multiplierless-cpp/multiplierless-cpp/cpm_modules/xtensor/4a957e26c765b48cbec4a4235fe9e518d5a85d3d/include/xtensor/xiterable.hpp:151:30: note: in instantiation of template class 'xt::xconst_iterable<xt::xarray_container<xt::uvector<double>, xt::layout_type::row_major, xt::svector<unsigned long>>>' requested here
build	build	2026-02-05T08:45:50.7948450Z   151 |     class xiterable : public xconst_iterable<D>
build	build	2026-02-05T08:45:50.8010520Z       |                              ^
build	build	2026-02-05T08:45:50.8079490Z /Users/runner/work/multiplierless-cpp/multiplierless-cpp/cpm_modules/xtensor/4a957e26c765b48cbec4a4235fe9e518d5a85d3d/include/xtensor/xiterable.hpp:311:42: note: in instantiation of template class 'xt::xiterable<xt::xarray_container<xt::uvector<double>, xt::layout_type::row_major, xt::svector<unsigned long>>>' requested here
build	build	2026-02-05T08:45:50.8084310Z   311 |     class xcontiguous_iterable : private xiterable<D>
build	build	2026-02-05T08:45:50.8085570Z       |                                          ^
build	build	2026-02-05T08:45:50.8097570Z /Users/runner/work/multiplierless-cpp/multiplierless-cpp/cpm_modules/xtensor/4a957e26c765b48cbec4a4235fe9e518d5a85d3d/include/xtensor/xcontainer.hpp:71:31: note: in instantiation of template class 'xt::xcontiguous_iterable<xt::xarray_container<xt::uvector<double>, xt::layout_type::row_major, xt::svector<unsigned long>>>' requested here
build	build	2026-02-05T08:45:50.8099940Z    71 |     class xcontainer : public xcontiguous_iterable<D>,
build	build	2026-02-05T08:45:50.8100360Z       |                               ^
build	build	2026-02-05T08:45:50.8101540Z /Users/runner/work/multiplierless-cpp/multiplierless-cpp/cpm_modules/xtensor/4a957e26c765b48cbec4a4235fe9e518d5a85d3d/include/xtensor/xcontainer.hpp:260:39: note: in instantiation of template class 'xt::xcontainer<xt::xarray_container<xt::uvector<double>, xt::layout_type::row_major, xt::svector<unsigned long>>>' requested here
build	build	2026-02-05T08:45:50.8103290Z   260 |     class xstrided_container : public xcontainer<D>
build	build	2026-02-05T08:45:50.8103670Z       |                                       ^
build	build	2026-02-05T08:45:50.8104820Z /Users/runner/work/multiplierless-cpp/multiplierless-cpp/cpm_modules/xtensor/4a957e26c765b48cbec4a4235fe9e518d5a85d3d/include/xtensor/xarray.hpp:82:37: note: in instantiation of template class 'xt::xstrided_container<xt::xarray_container<xt::uvector<double>, xt::layout_type::row_major, xt::svector<unsigned long>>>' requested here
build	build	2026-02-05T08:45:50.8106990Z    82 |     class xarray_container : public xstrided_container<xarray_container<EC, L, SC, Tag>>,
build	build	2026-02-05T08:45:50.8107490Z       |                                     ^
build	build	2026-02-05T08:45:50.8108590Z /Users/runner/work/multiplierless-cpp/multiplierless-cpp/include/multiplierless/lowpass_oracle.hpp:44:9: note: in instantiation of template class 'xt::xarray_container<xt::uvector<double>, xt::layout_type::row_major, xt::svector<unsigned long>>' requested here
build	build	2026-02-05T08:45:50.8145180Z    44 |     Arr Ap;
build	build	2026-02-05T08:45:50.8146730Z       |         ^
build	build	2026-02-05T08:45:50.8150280Z In file included from /Users/runner/work/multiplierless-cpp/multiplierless-cpp/source/lowpass_oracle_q.cpp:2:
build	build	2026-02-05T08:45:50.8151280Z In file included from /Users/runner/work/multiplierless-cpp/multiplierless-cpp/include/multiplierless/lowpass_oracle_q.hpp:7:
build	build	2026-02-05T08:45:50.8152110Z In file included from /Users/runner/work/multiplierless-cpp/multiplierless-cpp/include/multiplierless/lowpass_oracle.hpp:6:
build	build	2026-02-05T08:45:50.8153040Z In file included from /Users/runner/work/multiplierless-cpp/multiplierless-cpp/cpm_modules/xtensor/4a957e26c765b48cbec4a4235fe9e518d5a85d3d/include/xtensor/xarray.hpp:20:
build	build	2026-02-05T08:45:50.8155080Z In file included from /Users/runner/work/multiplierless-cpp/multiplierless-cpp/cpm_modules/xtensor/4a957e26c765b48cbec4a4235fe9e518d5a85d3d/include/xtensor/xcontainer.hpp:23:
build	build	2026-02-05T08:45:50.8157990Z /Users/runner/work/multiplierless-cpp/multiplierless-cpp/cpm_modules/xtensor/4a957e26c765b48cbec4a4235fe9e518d5a85d3d/include/xtensor/xiterable.hpp:46:56: error: no type named 'const_stepper' in 'xt::xiterable_inner_types<xt::xarray_container<xt::uvector<double>, xt::layout_type::row_major, xt::svector<unsigned long>>>'
build	build	2026-02-05T08:45:50.8161220Z    46 |         using const_stepper = typename iterable_types::const_stepper;
build	build	2026-02-05T08:45:50.8162950Z       |                               ~~~~~~~~~~~~~~~~~~~~~~~~~^~~~~~~~~~~~~
build	build	2026-02-05T08:45:50.8163670Z In file included from /Users/runner/work/multiplierless-cpp/multiplierless-cpp/source/lowpass_oracle_q.cpp:2:
build	build	2026-02-05T08:45:50.8164450Z In file included from /Users/runner/work/multiplierless-cpp/multiplierless-cpp/include/multiplierless/lowpass_oracle_q.hpp:7:
build	build	2026-02-05T08:45:50.8165670Z In file included from /Users/runner/work/multiplierless-cpp/multiplierless-cpp/include/multiplierless/lowpass_oracle.hpp:6:
build	build	2026-02-05T08:45:50.8166640Z In file included from /Users/runner/work/multiplierless-cpp/multiplierless-cpp/cpm_modules/xtensor/4a957e26c765b48cbec4a4235fe9e518d5a85d3d/include/xtensor/xarray.hpp:20:
build	build	2026-02-05T08:45:50.8168220Z /Users/runner/work/multiplierless-cpp/multiplierless-cpp/cpm_modules/xtensor/4a957e26c765b48cbec4a4235fe9e518d5a85d3d/include/xtensor/xcontainer.hpp:140:15: error: using declaration refers into 'accessible_base::', which is not a base class of 'xcontainer<xt::xarray_container<xt::uvector<double>, xt::layout_type::row_major, xt::svector<unsigned long>>>'
build	build	2026-02-05T08:45:50.8170000Z   140 |         using accessible_base::at;
build	build	2026-02-05T08:45:50.8188210Z       |               ^~~~~~~~~~~~~~~~~
build	build	2026-02-05T08:45:50.8189580Z /Users/runner/work/multiplierless-cpp/multiplierless-cpp/cpm_modules/xtensor/4a957e26c765b48cbec4a4235fe9e518d5a85d3d/include/xtensor/xcontainer.hpp:260:39: note: in instantiation of template class 'xt::xcontainer<xt::xarray_container<xt::uvector<double>, xt::layout_type::row_major, xt::svector<unsigned long>>>' requested here
build	build	2026-02-05T08:45:50.8193580Z   260 |     class xstrided_container : public xcontainer<D>
build	build	2026-02-05T08:45:50.8199910Z       |                                       ^
build	build	2026-02-05T08:45:50.8204200Z /Users/runner/work/multiplierless-cpp/multiplierless-cpp/cpm_modules/xtensor/4a957e26c765b48cbec4a4235fe9e518d5a85d3d/include/xtensor/xarray.hpp:82:37: note: in instantiation of template class 'xt::xstrided_container<xt::xarray_container<xt::uvector<double>, xt::layout_type::row_major, xt::svector<unsigned long>>>' requested here
build	build	2026-02-05T08:45:50.8241380Z    82 |     class xarray_container : public xstrided_container<xarray_container<EC, L, SC, Tag>>,
build	build	2026-02-05T08:45:50.8256050Z       |                                     ^
build	build	2026-02-05T08:45:50.8259230Z /Users/runner/work/multiplierless-cpp/multiplierless-cpp/include/multiplierless/lowpass_oracle.hpp:44:9: note: in instantiation of template class 'xt::xarray_container<xt::uvector<double>, xt::layout_type::row_major, xt::svector<unsigned long>>' requested here
build	build	2026-02-05T08:45:50.8262030Z    44 |     Arr Ap;
build	build	2026-02-05T08:45:50.8262320Z       |         ^
build	build	2026-02-05T08:45:50.8262790Z In file included from /Users/runner/work/multiplierless-cpp/multiplierless-cpp/source/lowpass_oracle_q.cpp:2:
build	build	2026-02-05T08:45:50.8263570Z In file included from /Users/runner/work/multiplierless-cpp/multiplierless-cpp/include/multiplierless/lowpass_oracle_q.hpp:7:
build	build	2026-02-05T08:45:50.8264380Z In file included from /Users/runner/work/multiplierless-cpp/multiplierless-cpp/include/multiplierless/lowpass_oracle.hpp:6:
build	build	2026-02-05T08:45:50.8265310Z In file included from /Users/runner/work/multiplierless-cpp/multiplierless-cpp/cpm_modules/xtensor/4a957e26c765b48cbec4a4235fe9e518d5a85d3d/include/xtensor/xarray.hpp:20:
build	build	2026-02-05T08:45:50.8266940Z /Users/runner/work/multiplierless-cpp/multiplierless-cpp/cpm_modules/xtensor/4a957e26c765b48cbec4a4235fe9e518d5a85d3d/include/xtensor/xcontainer.hpp:141:15: error: using declaration refers into 'accessible_base::', which is not a base class of 'xcontainer<xt::xarray_container<xt::uvector<double>, xt::layout_type::row_major, xt::svector<unsigned long>>>'
build	build	2026-02-05T08:45:50.8268160Z   141 |         using accessible_base::shape;
build	build	2026-02-05T08:45:50.8268470Z       |               ^~~~~~~~~~~~~~~~~
build	build	2026-02-05T08:45:50.8272480Z /Users/runner/work/multiplierless-cpp/multiplierless-cpp/cpm_modules/xtensor/4a957e26c765b48cbec4a4235fe9e518d5a85d3d/include/xtensor/xcontainer.hpp:142:15: error: using declaration refers into 'accessible_base::', which is not a base class of 'xcontainer<xt::xarray_container<xt::uvector<double>, xt::layout_type::row_major, xt::svector<unsigned long>>>'
build	build	2026-02-05T08:45:50.8276160Z   142 |         using accessible_base::operator[];
build	build	2026-02-05T08:45:50.8281120Z       |               ^~~~~~~~~~~~~~~~~
build	build	2026-02-05T08:45:50.8282410Z /Users/runner/work/multiplierless-cpp/multiplierless-cpp/cpm_modules/xtensor/4a957e26c765b48cbec4a4235fe9e518d5a85d3d/include/xtensor/xcontainer.hpp:143:15: error: using declaration refers into 'accessible_base::', which is not a base class of 'xcontainer<xt::xarray_container<xt::uvector<double>, xt::layout_type::row_major, xt::svector<unsigned long>>>'
build	build	2026-02-05T08:45:50.8283660Z   143 |         using accessible_base::back;
build	build	2026-02-05T08:45:50.8310180Z       |               ^~~~~~~~~~~~~~~~~
build	build	2026-02-05T08:45:50.8313680Z /Users/runner/work/multiplierless-cpp/multiplierless-cpp/cpm_modules/xtensor/4a957e26c765b48cbec4a4235fe9e518d5a85d3d/include/xtensor/xcontainer.hpp:144:15: error: using declaration refers into 'accessible_base::', which is not a base class of 'xcontainer<xt::xarray_container<xt::uvector<double>, xt::layout_type::row_major, xt::svector<unsigned long>>>'
build	build	2026-02-05T08:45:50.8329810Z   144 |         using accessible_base::front;
build	build	2026-02-05T08:45:50.8338390Z       |               ^~~~~~~~~~~~~~~~~
build	build	2026-02-05T08:45:50.8340560Z /Users/runner/work/multiplierless-cpp/multiplierless-cpp/cpm_modules/xtensor/4a957e26c765b48cbec4a4235fe9e518d5a85d3d/include/xtensor/xcontainer.hpp:145:15: error: using declaration refers into 'accessible_base::', which is not a base class of 'xcontainer<xt::xarray_container<xt::uvector<double>, xt::layout_type::row_major, xt::svector<unsigned long>>>'
build	build	2026-02-05T08:45:50.8343030Z   145 |         using accessible_base::in_bounds;
build	build	2026-02-05T08:45:50.8343510Z       |               ^~~~~~~~~~~~~~~~~
build	build	2026-02-05T08:45:50.8344780Z /Users/runner/work/multiplierless-cpp/multiplierless-cpp/cpm_modules/xtensor/4a957e26c765b48cbec4a4235fe9e518d5a85d3d/include/xtensor/xcontainer.hpp:146:15: error: using declaration refers into 'accessible_base::', which is not a base class of 'xcontainer<xt::xarray_container<xt::uvector<double>, xt::layout_type::row_major, xt::svector<unsigned long>>>'
build	build	2026-02-05T08:45:50.8346200Z   146 |         using accessible_base::periodic;
build	build	2026-02-05T08:45:50.8346530Z       |               ^~~~~~~~~~~~~~~~~
build	build	2026-02-05T08:45:50.8370650Z In file included from /Users/runner/work/multiplierless-cpp/multiplierless-cpp/source/lowpass_oracle_q.cpp:2:
build	build	2026-02-05T08:45:50.8373290Z In file included from /Users/runner/work/multiplierless-cpp/multiplierless-cpp/include/multiplierless/lowpass_oracle_q.hpp:7:
build	build	2026-02-05T08:45:50.8375340Z In file included from /Users/runner/work/multiplierless-cpp/multiplierless-cpp/include/multiplierless/lowpass_oracle.hpp:6:
build	build	2026-02-05T08:45:50.8378550Z /Users/runner/work/multiplierless-cpp/multiplierless-cpp/cpm_modules/xtensor/4a957e26c765b48cbec4a4235fe9e518d5a85d3d/include/xtensor/xarray.hpp:93:52: error: no type named 'allocator_type' in 'xt::xstrided_container<xt::xarray_container<xt::uvector<double>, xt::layout_type::row_major, xt::svector<unsigned long>>>'
build	build	2026-02-05T08:45:50.8381770Z    93 |         using allocator_type = typename base_type::allocator_type;
build	build	2026-02-05T08:45:50.8382800Z       |                                ~~~~~~~~~~~~~~~~~~~~^~~~~~~~~~~~~~
build	build	2026-02-05T08:45:50.8385010Z /Users/runner/work/multiplierless-cpp/multiplierless-cpp/include/multiplierless/lowpass_oracle.hpp:44:9: note: in instantiation of template class 'xt::xarray_container<xt::uvector<double>, xt::layout_type::row_major, xt::svector<unsigned long>>' requested here
build	build	2026-02-05T08:45:50.8386120Z    44 |     Arr Ap;
build	build	2026-02-05T08:45:50.8386360Z       |         ^
build	build	2026-02-05T08:45:50.8386850Z In file included from /Users/runner/work/multiplierless-cpp/multiplierless-cpp/source/lowpass_oracle_q.cpp:2:
build	build	2026-02-05T08:45:50.8387610Z In file included from /Users/runner/work/multiplierless-cpp/multiplierless-cpp/include/multiplierless/lowpass_oracle_q.hpp:7:
build	build	2026-02-05T08:45:50.8388430Z In file included from /Users/runner/work/multiplierless-cpp/multiplierless-cpp/include/multiplierless/lowpass_oracle.hpp:6:
build	build	2026-02-05T08:45:50.8389780Z /Users/runner/work/multiplierless-cpp/multiplierless-cpp/cpm_modules/xtensor/4a957e26c765b48cbec4a4235fe9e518d5a85d3d/include/xtensor/xarray.hpp:102:54: error: no type named 'backstrides_type' in 'xt::xstrided_container<xt::xarray_container<xt::uvector<double>, xt::layout_type::row_major, xt::svector<unsigned long>>>'
build	build	2026-02-05T08:45:50.8391880Z   102 |         using backstrides_type = typename base_type::backstrides_type;
build	build	2026-02-05T08:45:50.8392310Z       |                                  ~~~~~~~~~~~~~~~~~~~~^~~~~~~~~~~~~~~~
build	build	2026-02-05T08:45:50.8393360Z /Users/runner/work/multiplierless-cpp/multiplierless-cpp/source/lowpass_oracle_q.cpp:47:27: error: no member named 'shape' in 'xt::xarray_container<xt::uvector<double>, xt::layout_type::row_major, xt::svector<unsigned long>>'
build	build	2026-02-05T08:45:50.8394310Z    47 |         auto hcsd = Arr(h.shape());
build	build	2026-02-05T08:45:50.8394690Z       |                         ~ ^
build	build	2026-02-05T08:45:50.8395510Z /Users/runner/work/multiplierless-cpp/multiplierless-cpp/source/lowpass_oracle_q.cpp:48:34: error: no member named 'size' in 'xt::xarray_container<xt::uvector<double>, xt::layout_type::row_major, xt::svector<unsigned long>>'
build	build	2026-02-05T08:45:50.8398290Z    48 |         for (auto i = 0U; i != h.size(); ++iIn file included from /Users/runner/work/multiplierless-cpp/multiplierless-cpp/source/lowpass_oracle.cpp:4:
build	build	2026-02-05T08:45:50.8399530Z In file included from /Users/runner/work/multiplierless-cpp/multiplierless-cpp/include/multiplierless/lowpass_oracle.hpp:6:
build	build	2026-02-05T08:45:50.8400540Z In file included from /Users/runner/work/multiplierless-cpp/multiplierless-cpp/cpm_modules/xtensor/4a957e26c765b48cbec4a4235fe9e518d5a85d3d/include/xtensor/xarray.hpp:19:
build	build	2026-02-05T08:45:50.8401640Z In file included from /Users/runner/work/multiplierless-cpp/multiplierless-cpp/cpm_modules/xtensor/4a957e26c765b48cbec4a4235fe9e518d5a85d3d/include/xtensor/xbuffer_adaptor.hpp:21:
build	build	2026-02-05T08:45:50.8406860Z In file included from /Users/runner/work/multiplierless-cpp/multiplierless-cpp/cpm_modules/xtensor/4a957e26c765b48cbec4a4235fe9e518d5a85d3d/include/xtensor/xstorage.hpp:23:
build	build	2026-02-05T08:45:50.8408000Z In file included from /Users/runner/work/multiplierless-cpp/multiplierless-cpp/cpm_modules/xtensor/4a957e26c765b48cbec4a4235fe9e518d5a85d3d/include/xtensor/xtensor_simd.hpp:17:
build	build	2026-02-05T08:45:50.8409380Z /Users/runner/work/multiplierless-cpp/multiplierless-cpp/cpm_modules/xtensor/4a957e26c765b48cbec4a4235fe9e518d5a85d3d/include/xtensor/xutils.hpp:896:31: error: ambiguous partial specializations of 'rebind_container<long, xt::svector<unsigned long>>'
build	build	2026-02-05T08:45:50.8411470Z   896 |         using type = typename rebind_container<std::ptrdiff_t, S>::type;
build	build	2026-02-05T08:45:50.8413550Z       |                               ^
build	build	2026-02-05T08:45:50.8417120Z /Users/runner/work/multiplierless-cpp/multiplierless-cpp/cpm_modules/xtensor/4a957e26c765b48cbec4a4235fe9e518d5a85d3d/include/xtensor/xutils.hpp:924:5: note: in instantiation of template class 'xt::get_strides_type<xt::svector<unsigned long>>' requested here
build	build	2026-02-05T08:45:50.8420220Z   924 |     using get_strides_t = typename get_strides_type<C>::type;
build	build	2026-02-05T08:45:50.8425070Z       |     ^
build	build	2026-02-05T08:45:50.8425970Z /Users/runner/work/multiplierless-cpp/multiplierless-cpp/cpm_modules/xtensor/4a957e26c765b48cbec4a4235fe9e518d5a85d3d/include/xtensor/xarray.hpp:53:30: note: in instantiation of template type alias 'get_strides_t' requested here
build	build	2026-02-05T08:45:50.8426900Z    53 |         using strides_type = get_strides_t<shape_type>;
build	build	2026-02-05T08:45:50.8427260Z       |                              ^
build	build	2026-02-05T08:45:50.8428480Z /Users/runner/work/multiplierless-cpp/multiplierless-cpp/cpm_modules/xtensor/4a957e26c765b48cbec4a4235fe9e518d5a85d3d/include/xtensor/xcontainer.hpp:36:43: note: in instantiation of template class 'xt::xcontainer_inner_types<xt::xarray_container<xt::uvector<double>, xt::layout_type::row_major, xt::svector<unsigned long>>>' requested here
build	build	2026-02-05T08:45:50.8429720Z    36 |         using inner_shape_type = typename xcontainer_inner_types<D>::inner_shape_type;
build	build	2026-02-05T08:45:50.8430770Z       |                                           ^
build	build	2026-02-05T08:45:50.8431930Z /Users/runner/work/multiplierless-cpp/multiplierless-cpp/cpm_modules/xtensor/4a957e26c765b48cbec4a4235fe9e518d5a85d3d/include/xtensor/xarray.hpp:64:11: note: in instantiation of template class 'xt::xcontainer_iterable_types<xt::xarray_container<xt::uvector<double>, xt::layout_type::row_major, xt::svector<unsigned long>>>' requested here
build	build	2026-02-05T08:45:50.8433130Z    64 |         : xcontainer_iterable_types<xarray_container<EC, L, SC, Tag>>
build	build	2026-02-05T08:45:50.8433500Z       |           ^
build	build	2026-02-05T08:45:50.8434570Z /Users/runner/work/multiplierless-cpp/multiplierless-cpp/cpm_modules/xtensor/4a957e26c765b48cbec4a4235fe9e518d5a85d3d/include/xtensor/xiterable.hpp:43:43: note: in instantiation of template class 'xt::xiterable_inner_types<xt::xarray_container<xt::uvector<double>, xt::layout_type::row_major, xt::svector<unsigned long>>>' requested here
build	build	2026-02-05T08:45:50.8435780Z    43 |         using inner_shape_type = typename iterable_types::inner_shape_type;
build	build	2026-02-05T08:45:50.8436200Z       |                                           ^
build	build	2026-02-05T08:45:50.8437090Z /Users/runner/work/multiplierless-cpp/multiplierless-cpp/cpm_modules/xtensor/4a957e26c765b48cbec4a4235fe9e518d5a85d3d/include/xtensor/xiterable.hpp:151:30: note: (skipping 1 context in backtrace; use -ftemplate-backtrace-limit=0 to see all)
build	build	2026-02-05T08:45:50.8439090Z   151 |     class xiterable : public xconst_iterable<D>
build	build	2026-02-05T08:45:50.8439430Z       |                              ^
build	build	2026-02-05T08:45:50.8440510Z /Users/runner/work/multiplierless-cpp/multiplierless-cpp/cpm_modules/xtensor/4a957e26c765b48cbec4a4235fe9e518d5a85d3d/include/xtensor/xiterable.hpp:311:42: note: in instantiation of template class 'xt::xiterable<xt::xarray_container<xt::uvector<double>, xt::layout_type::row_major, xt::svector<unsigned long>>>' requested here
build	build	2026-02-05T08:45:50.8441670Z   311 |     class xcontiguous_iterable : private xiterable<D>
build	build	2026-02-05T08:45:50.8442040Z       |                                          ^
build	build	2026-02-05T08:45:50.8443170Z /Users/runner/work/multiplierless-cpp/multiplierless-cpp/cpm_modules/xtensor/4a957e26c765b48cbec4a4235fe9e518d5a85d3d/include/xtensor/xcontainer.hpp:71:31: note: in instantiation of template class 'xt::xcontiguous_iterable<xt::xarray_container<xt::uvector<double>, xt::layout_type::row_major, xt::svector<unsigned long>>>' requested here
build	build	2026-02-05T08:45:50.8444360Z    71 |     class xcontainer : public xcontiguous_iterable<D>,
build	build	2026-02-05T08:45:50.8444720Z       |                               ^
build	build	2026-02-05T08:45:50.8445820Z /Users/runner/work/multiplierless-cpp/multiplierless-cpp/cpm_modules/xtensor/4a957e26c765b48cbec4a4235fe9e518d5a85d3d/include/xtensor/xcontainer.hpp:260:39: note: in instantiation of template class 'xt::xcontainer<xt::xarray_container<xt::uvector<double>, xt::layout_type::row_major, xt::svector<unsigned long>>>' requested here
build	build	2026-02-05T08:45:50.8447030Z   260 |     class xstrided_container : public xcontainer<D>
build	build	2026-02-05T08:45:50.8447380Z       |                                       ^
build	build	2026-02-05T08:45:50.8448040Z /Users/runner/work/multiplierless-cpp/multiplierless-cpp/cpm_modules/xtensor/4a957e26c765b48cbec4a4235fe9e518d5a85d3d/include/xtensor/xarray.hpp:82:) {
build	build	2026-02-05T08:45:50.8449310Z       |                                ~ ^
build	build	2026-02-05T08:45:50.8450520Z 37/Users/runner/work/multiplierless-cpp/multiplierless-cpp/source/lowpass_oracle_q.cpp:49:44: error: type 'Arr' (aka 'xarray_container<uvector<double, std::allocator<double>>, (xt::layout_type)1, svector<unsigned long, 4, std::allocator<unsigned long>, true>>') does not provide a call operator
build	build	2026-02-05T08:45:50.8484520Z    49 |             hcsd(i) = to_decimal(to_csdnnz(h(i), this->_nnz));
build	build	2026-02-05T08:45:50.8485590Z       |                                            ^
build	build	2026-02-05T08:45:50.8486450Z : note: in instantiation of template class 'xt::xstrided_container<xt::xarray_container<xt::uvector<double>, xt::layout_type::row_major, xt::svector<unsigned long>>>' requested here
build	build	2026-02-05T08:45:50.8491510Z    82 |     class xarray_container : public xstrided_container<xarray_container<EC, L, SC, Tag>>,
build	build	2026-02-05T08:45:50.8526780Z       |                                     ^
build	build	2026-02-05T08:45:50.8533400Z /Users/runner/work/multiplierless-cpp/multiplierless-cpp/include/multiplierless/lowpass_oracle.hpp:44:9: note: in instantiation of template class 'xt::xarray_container<xt::uvector<double>, xt::layout_type::row_major, xt::svector<unsigned long>>' requested here
build	build	2026-02-05T08:45:50.8561330Z    44 |     Arr Ap;
build	build	2026-02-05T08:45:50.8662650Z       |         ^
build	build	2026-02-05T08:45:50.8769470Z /Users/runner/work/multiplierless-cpp/multiplierless-cpp/cpm_modules/xtensor/4a957e26c765b48cbec4a4235fe9e518d5a85d3d/include/xtensor/xutils.hpp:883:12: note: partial specialization matches [with X = long, C = xt::svector, T = unsigned long, N = 4]
build	build	2026-02-05T08:45:50.8871770Z   883 |     struct rebind_container<X, C<T, N>>
build	build	2026-02-05T08:45:50.8973130Z       |            ^
build	build	2026-02-05T08:45:50.9076830Z /Users/runner/work/multiplierless-cpp/multiplierless-cpp/cpm_modules/xtensor/4a957e26c765b48cbec4a4235fe9e518d5a85d3d/include/xtensor/xstorage.hpp:1415:12: note: partial specialization matches [with X = long, T = unsigned long, N = 4, A = std::allocator<unsigned long>, B = true]
build	build	2026-02-05T08:45:50.9181650Z  1415 |     struct rebind_container<X, svector<T, N, A, B>>
build	build	2026-02-05T08:45:50.9283220Z       |            ^
build	build	2026-02-05T08:45:50.9384850Z In file included from /Users/runner/work/multiplierless-cpp/multiplierless-cpp/source/lowpass_oracle.cpp:4:
build	build	2026-02-05T08:45:50.9490760Z In file included from /Users/runner/work/multiplierless-cpp/multiplierless-cpp/include/multiplierless/lowpass_oracle.hpp:6:
build	build	2026-02-05T08:45:50.9595430Z In file included from /Users/runner/work/multiplierless-cpp/multiplierless-cpp/cpm_modules/xtensor/4a957e26c765b48cbec4a4235fe9e518d5a85d3d/include/xtensor/xarray.hpp:20:
build	build	2026-02-05T08:45:50.9605610Z In file included from /Users/runner/work/multiplierless-cpp/multiplierless-cpp/cpm_modules/xtensor/4a957e26c765b48cbec4a4235fe9e518d5a85d3d/include/xtensor/xcontainer.hpp:23:
build	build	2026-02-05T08:45:50.9712970Z /Users/runner/work/multiplierless-cpp/multiplierless-cpp/cpm_modules/xtensor/4a957e26c765b48cbec4a4235fe9e518d5a85d3d/include/xtensor/xiterable.hpp:45:50: error: no type named 'stepper' in 'xt::xiterable_inner_types<xt::xarray_container<xt::uvector<double>, xt::layout_type::row_major, xt::svector<unsigned long>>>'
build	build	2026-02-05T08:45:50.9817480Z    45 |         using stepper = typename iterable_types::stepper;
build	build	2026-02-05T08:45:50.9879840Z       |                         ~~~~~~~~~~~~~~~~~~~~~~~~~^~~~~~~
build	build	2026-02-05T08:45:50.9900730Z /Users/runner/work/multiplierless-cpp/multiplierless-cpp/cpm_modules/xtensor/4a957e26c765b48cbec4a4235fe9e518d5a85d3d/include/xtensor/xiterable.hpp:151:30: note: in instantiation of template class 'xt::xconst_iterable<xt::xarray_container<xt::uvector<double>, xt::layout_type::row_major, xt::svector<unsigned long>>>' requested here
build	build	2026-02-05T08:45:50.9914860Z   151 |     class xiterable : public xconst_iterable<D>
build	build	2026-02-05T08:45:50.9944060Z       |                              ^
build	build	2026-02-05T08:45:50.9949480Z /Users/runner/work/multiplierless-cpp/multiplierless-cpp/cpm_modules/xtensor/4a957e26c765b48cbec4a4235fe9e518d5a85d3d/include/xtensor/xiterable.hpp:311:42: note: in instantiation of template class 'xt::xiterable<xt::xarray_container<xt::uvector<double>, xt::layout_type::row_major, xt::svector<unsigned long>>>' requested here
build	build	2026-02-05T08:45:50.9964000Z   311 |     class xcontiguous_iterable : private xiterable<D>
build	build	2026-02-05T08:45:50.9965900Z       |                                          ^
build	build	2026-02-05T08:45:50.9989120Z /Users/runner/work/multiplierless-cpp/multiplierless-cpp/cpm_modules/xtensor/4a957e26c765b48cbec4a4235fe9e518d5a85d3d/include/xtensor/xcontainer.hpp:71:31: note: in instantiation of template class 'xt::xcontiguous_iterable<xt::xarray_container<xt::uvector<double>, xt::layout_type::row_major, xt::svector<unsigned long>>>' requested here
build	build	2026-02-05T08:45:50.9997710Z    71 |     class xcontainer : public xcontiguous_iterable<D>,
build	build	2026-02-05T08:45:51.0007110Z       |                               ^
build	build	2026-02-05T08:45:51.0012210Z /Users/runner/work/multiplierless-cpp/multiplierless-cpp/cpm_modules/xtensor/4a957e26c765b48cbec4a4235fe9e518d5a85d3d/include/xtensor/xcontainer.hpp:260:39: note: in instantiation of template class 'xt::xcontainer<xt::xarray_container<xt::uvector<double>, xt::layout_type::row_major, xt::svector<unsigned long>>>' requested here
build	build	2026-02-05T08:45:51.0024420Z   260 |     class xstrided_container : public xcontainer<D>
build	build	2026-02-05T08:45:51.0032470Z       |                                       ^
build	build	2026-02-05T08:45:51.0057780Z /Users/runner/work/multiplierless-cpp/multiplierless-cpp/cpm_modules/xtensor/4a957e26c765b48cbec4a4235fe9e518d5a85d3d/include/xtensor/xarray.hpp:82:37: note: in instantiation of template class 'xt::xstrided_container<xt::xarray_container<xt::uvector<double>, xt::layout_type::row_major, xt::svector<unsigned long>>>' requested here
build	build	2026-02-05T08:45:51.0064660Z    82 |     class xarray_container : public xstrided_container<xarray_container<EC, L, SC, Tag>>,
build	build	2026-02-05T08:45:51.0085000Z       |                                     ^
build	build	2026-02-05T08:45:51.0091950Z /Users/runner/work/multiplierless-cpp/multiplierless-cpp/include/multiplierless/lowpass_oracle.hpp:44:9: note: in instantiation of template class 'xt::xarray_container<xt::uvector<double>, xt::layout_type::row_major, xt::svector<unsigned long>>' requested here
build	build	2026-02-05T08:45:51.0193440Z    44 |     Arr Ap;
build	build	2026-02-05T08:45:51.0316820Z       |         ^
build	build	2026-02-05T08:45:51.0418250Z In file included from /Users/runner/work/multiplierless-cpp/multiplierless-cpp/source/lowpass_oracle.cpp:4:
build	build	2026-02-05T08:45:51.0465580Z In file included from /Users/runner/work/multiplierless-cpp/multiplierless-cpp/include/multiplierless/lowpass_oracle.hpp:6:
build	build	2026-02-05T08:45:51.0504780Z In file included from /Users/runner/work/multiplierless-cpp/multiplierless-cpp/cpm_modules/xtensor/4a957e26c765b48cbec4a4235fe9e518d5a85d3d/include/xtensor/xarray.hpp:20:
build	build	2026-02-05T08:45:51.0607010Z In file included from /Users/runner/work/multiplierless-cpp/multiplierless-cpp/cpm_modules/xtensor/4a957e26c765b48cbec4a4235fe9e518d5a85d3d/include/xtensor/xcontainer.hpp:23:
build	build	2026-02-05T08:45:51.0710970Z /Users/runner/work/multiplierless-cpp/multiplierless-cpp/cpm_modules/xtensor/4a957e26c765b48cbec4a4235fe9e518d5a85d3d/include/xtensor/xiterable.hpp:46:56: error: no type named 'const_stepper' in 'xt::xiterable_inner_types<xt::xarray_container<xt::uvector<double>, xt::layout_type::row_major, xt::svector<unsigned long>>>'
build	build	2026-02-05T08:45:51.0813700Z    46 |         using const_stepper = typename iterable_types::const_stepper;
build	build	2026-02-05T08:45:51.0915150Z       |                               ~~~~~~~~~~~~~~~~~~~~~~~~~^~~~~~~~~~~~~
build	build	2026-02-05T08:45:51.1017440Z In file included from /Users/runner/work/multiplierless-cpp/multiplierless-cpp/source/lowpass_oracle.cpp:4:
build	build	2026-02-05T08:45:51.1119360Z In file included from /Users/runner/work/multiplierless-cpp/multiplierless-cpp/include/multiplierless/lowpass_oracle.hpp:6:
build	build	2026-02-05T08:45:51.1220640Z In file included from /Users/runner/work/multiplierless-cpp/multiplierless-cpp/cpm_modules/xtensor/4a957e26c765b48cbec4a4235fe9e518d5a85d3d/include/xtensor/xarray.hpp:20:
build	build	2026-02-05T08:45:51.1321910Z /Users/runner/work/multiplierless-cpp/multiplierless-cpp/cpm_modules/xtensor/4a957e26c765b48cbec4a4235fe9e518d5a85d3d/include/xtensor/xcontainer.hpp:140:15: error: using declaration refers into 'accessible_base::', which is not a base class of 'xcontainer<xt::xarray_container<xt::uvector<double>, xt::layout_type::row_major, xt::svector<unsigned long>>>'
build	build	2026-02-05T08:45:51.1423970Z   140 |         using accessible_base::at;
build	build	2026-02-05T08:45:51.1525070Z       |               ^~~~~~~~~~~~~~~~~
build	build	2026-02-05T08:45:51.1603060Z /Users/runner/work/multiplierless-cpp/multiplierless-cpp/cpm_modules/xtensor/4a957e26c765b48cbec4a4235fe9e518d5a85d3d/include/xtensor/xcontainer.hpp:260:39: note: in instantiation of template class 'xt::xcontainer<xt::xarray_container<xt::uvector<double>, xt::layout_type::row_major, xt::svector<unsigned long>>>' requested here
build	build	2026-02-05T08:45:51.1612540Z   260 |     class xstrided_container : public xcontainer<D>
build	build	2026-02-05T08:45:51.1620950Z       |                                       ^
build	build	2026-02-05T08:45:51.1630450Z /Users/runner/work/multiplierless-cpp/multiplierless-cpp/cpm_modules/xtensor/4a957e26c765b48cbec4a4235fe9e518d5a85d3d/include/xtensor/xarray.hpp:82:37: note: in instantiation of template class 'xt::xstrided_container<xt::xarray_container<xt::uvector<double>, xt::layout_type::row_major, xt::svector<unsigned long>>>' requested here
build	build	2026-02-05T08:45:51.1650550Z    82 |     class xarray_container : public xstrided_container<xarray_container<EC, L, SC, Tag>>,
build	build	2026-02-05T08:45:51.1650950Z       |                                     ^
build	build	2026-02-05T08:45:51.1651910Z /Users/runner/work/multiplierless-cpp/multiplierless-cpp/include/multiplierless/lowpass_oracle.hpp:44:9: note: in instantiation of template class 'xt::xarray_container<xt::uvector<double>, xt::layout_type::row_major, xt::svector<unsigned long>>' requested here
build	build	2026-02-05T08:45:51.1656080Z    44 |     Arr Ap;
build	build	2026-02-05T08:45:51.1656240Z       |         ^
build	build	2026-02-05T08:45:51.1657500Z In file included from /Users/runner/work/multiplierless-cpp/multiplierless-cpp/source/lowpass_oracle.cpp:4:
build	build	2026-02-05T08:45:51.1665230Z In file included from /Users/runner/work/multiplierless-cpp/multiplierless-cpp/include/multiplierless/lowpass_oracle.hpp:6:
build	build	2026-02-05T08:45:51.1706260Z In file included from /Users/runner/work/multiplierless-cpp/multiplierless-cpp/cpm_modules/xtensor/4a957e26c765b48cbec4a4235fe9e518d5a85d3d/include/xtensor/xarray.hpp:20:
build	build	2026-02-05T08:45:51.1733720Z /Users/runner/work/multiplierless-cpp/multiplierless-cpp/cpm_modules/xtensor/4a957e26c765b48cbec4a4235fe9e518d5a85d3d/include/xtensor/xcontainer.hpp:141:15: error: using declaration refers into 'accessible_base::', which is not a base class of 'xcontainer<xt::xarray_container<xt::uvector<double>, xt::layout_type::row_major, xt::svector<unsigned long>>>'
build	build	2026-02-05T08:45:51.1741710Z   141 |         using accessible_base::shape;
build	build	2026-02-05T08:45:51.1745460Z       |               ^~~~~~~~~~~~~~~~~
build	build	2026-02-05T08:45:51.1760710Z /Users/runner/work/multiplierless-cpp/multiplierless-cpp/cpm_modules/xtensor/4a957e26c765b48cbec4a4235fe9e518d5a85d3d/include/xtensor/xcontainer.hpp:142:15: error: using declaration refers into 'accessible_base::', which is not a base class of 'xcontainer<xt::xarray_container<xt::uvector<double>, xt::layout_type::row_major, xt::svector<unsigned long>>>'
build	build	2026-02-05T08:45:51.1799610Z   142 |         using accessible_base::operator[];
build	build	2026-02-05T08:45:51.1808140Z       |               ^~~~~~~~~~~~~~~~~
build	build	2026-02-05T08:45:51.1813010Z /Users/runner/work/multiplierless-cpp/multiplierless-cpp/cpm_modules/xtensor/4a957e26c765b48cbec4a4235fe9e518d5a85d3d/include/xtensor/xcontainer.hpp:143:15: error: using declaration refers into 'accessible_base::', which is not a base class of 'xcontainer<xt::xarray_container<xt::uvector<double>, xt::layout_type::row_major, xt::svector<unsigned long>>>'
build	build	2026-02-05T08:45:51.1817350Z   143 |         using accessible_base::back;
build	build	2026-02-05T08:45:51.1840870Z       |               ^~~~~~~~~~~~~~~~~
build	build	2026-02-05T08:45:51.1858220Z /Users/runner/work/multiplierless-cpp/multiplierless-cpp/cpm_modules/xtensor/4a957e26c765b48cbec4a4235fe9e518d5a85d3d/include/xtensor/xcontainer.hpp:144:15: error: using declaration refers into 'accessible_base::', which is not a base class of 'xcontainer<xt::xarray_container<xt::uvector<double>, xt::layout_type::row_major, xt::svector<unsigned long>>>'
build	build	2026-02-05T08:45:51.1866040Z   144 |         using accessible_base::front;
build	build	2026-02-05T08:45:51.1875330Z       |               ^~~~~~~~~~~~~~~~~
build	build	2026-02-05T08:45:51.1904180Z /Users/runner/work/multiplierless-cpp/multiplierless-cpp/cpm_modules/xtensor/4a957e26c765b48cbec4a4235fe9e518d5a85d3d/include/xtensor/xcontainer.hpp:145:15: error: using declaration refers into 'accessible_base::', which is not a base class of 'xcontainer<xt::xarray_container<xt::uvector<double>, xt::layout_type::row_major, xt::svector<unsigned long>>>'
build	build	2026-02-05T08:45:51.1912330Z   145 |         using accessible_base::in_bounds;
build	build	2026-02-05T08:45:51.1915140Z       |               ^~~~~~~~~~~~~~~~~
build	build	2026-02-05T08:45:51.1916940Z /Users/runner/work/multiplierless-cpp/multiplierless-cpp/cpm_modules/xtensor/4a957e26c765b48cbec4a4235fe9e518d5a85d3d/include/xtensor/xcontainer.hpp:146:15: error: using declaration refers into 'accessible_base::', which is not a base class of 'xcontainer<xt::xarray_container<xt::uvector<double>, xt::layout_type::row_major, xt::svector<unsigned long>>>'
build	build	2026-02-05T08:45:51.1919770Z   146 |         using accessible_base::periodic;
build	build	2026-02-05T08:45:51.1920140Z       |               ^~~~~~~~~~~~~~~~~
build	build	2026-02-05T08:45:51.1920630Z In file included from /Users/runner/work/multiplierless-cpp/multiplierless-cpp/source/lowpass_oracle.cpp:4:
build	build	2026-02-05T08:45:51.1921420Z In file included from /Users/runner/work/multiplierless-cpp/multiplierless-cpp/include/multiplierless/lowpass_oracle.hpp:6:
build	build	2026-02-05T08:45:51.1923510Z /Users/runner/work/multiplierless-cpp/multiplierless-cpp/cpm_modules/xtensor/4a957e26c765b48cbec4a4235fe9e518d5a85d3d/include/xtensor/xarray.hpp:93:52: error: no type named 'allocator_type' in 'xt::xstrided_container<xt::xarray_container<xt::uvector<double>, xt::layout_type::row_major, xt::svector<unsigned long>>>'
build	build	2026-02-05T08:45:51.1927120Z    93 |         using allocator_type = typename base_type::allocator_type;
build	build	2026-02-05T08:45:51.1928150Z       |                                ~~~~~~~~~~~~~~~~~~~~^~~~~~~~~~~~~~
build	build	2026-02-05T08:45:51.1929130Z /Users/runner/work/multiplierless-cpp/multiplierless-cpp/include/multiplierless/lowpass_oracle.hpp:44:9: note: in instantiation of template class 'xt::xarray_container<xt::uvector<double>, xt::layout_type::row_major, xt::svector<unsigned long>>' requested here
build	build	2026-02-05T08:45:51.1930040Z    44 |     Arr Ap;
build	build	2026-02-05T08:45:51.1930280Z       |         ^
build	build	2026-02-05T08:45:51.1930720Z In file included from /Users/runner/work/multiplierless-cpp/multiplierless-cpp/source/lowpass_oracle.cpp:4:
build	build	2026-02-05T08:45:51.1931470Z In file included from /Users/runner/work/multiplierless-cpp/multiplierless-cpp/include/multiplierless/lowpass_oracle.hpp:6:
build	build	2026-02-05T08:45:51.1935860Z /Users/runner/work/multiplierless-cpp/multiplierless-cpp/cpm_modules/xtensor/4a957e26c765b48cbec4a4235fe9e518d5a85d3d/include/xtensor/xarray.hpp:102:54: error: no type named 'backstrides_type' in 'xt::xstrided_container<xt::xarray_container<xt::uvector<double>, xt::layout_type::row_major, xt::svector<unsigned long>>>'
build	build	2026-02-05T08:45:51.1940990Z   102 |         using backstrides_type = typename base_type::backstrides_type;
build	build	2026-02-05T08:45:51.1942070Z       |                                  ~~~~~~~~~~~~~~~~~~~~^~~~~~~~~~~~~~~~
build	build	2026-02-05T08:45:51.1942870Z 15 errors generated.
build	build	2026-02-05T08:45:51.1943790Z make[2]: *** [CMakeFiles/Multiplierless.dir/source/lowpass_oracle_q.cpp.o] Error 1
build	build	2026-02-05T08:45:51.1945100Z make[2]: *** Waiting for unfinished jobs....
build	build	2026-02-05T08:45:51.1947360Z /Users/runner/work/multiplierless-cpp/multiplierless-cpp/source/lowpass_oracle.cpp:63:13: error: type 'Arr' (aka 'xarray_container<uvector<double, std::allocator<double>>, (xt::layout_type)1, svector<unsigned long, 4, std::allocator<unsigned long>, true>>') does not provide a call operator
build	build	2026-02-05T08:45:51.1950980Z    63 |             An(i, j) = 2.0 * std::cos(w(i) * (j + 1));
build	build	2026-02-05T08:45:51.1957530Z       |             ^~
build	build	2026-02-05T08:45:51.1958580Z /Users/runner/work/multiplierless-cpp/multiplierless-cpp/source/lowpass_oracle.cpp:63:39: error: type 'const Arr' (aka 'const xarray_container<uvector<double, std::allocator<double>>, (xt::layout_type)1, svector<unsigned long, 4, std::allocator<unsigned long>, true>>') does not provide a call operator
build	build	2026-02-05T08:45:51.1959680Z    63 |             An(i, j) = 2.0 * std::cos(w(i) * (j + 1));
build	build	2026-02-05T08:45:51.1965520Z       |                                       ^
build	build	2026-02-05T08:45:51.1974020Z /Users/runner/work/multiplierless-cpp/multiplierless-cpp/source/lowpass_oracle.cpp:67:36: error: invalid operands to binary expression ('const Arr' (aka 'const xarray_container<uvector<double, std::allocator<double>>, (xt::layout_type)1, svector<unsigned long, 4, std::allocator<unsigned long>, true>>') and 'const double')
build	build	2026-02-05T08:45:51.1975420Z    67 |     const auto ind_p = xt::where(w <= wpass)[0];  // passband
build	build	2026-02-05T08:45:51.1975970Z       |                                  ~ ^  ~~~~~
build	build	2026-02-05T08:45:51.1977290Z /Applications/Xcode_16.4.app/Contents/Developer/Platforms/MacOSX.platform/Developer/SDKs/MacOSX.sdk/usr/include/c++/v1/__variant/monostate.h:44:45: note: candidate function not viable: no known conversion from 'const Arr' (aka 'const xarray_container<uvector<double, std::allocator<double>>, (xt::layout_type)1, svector<unsigned long, 4, std::allocator<unsigned long>, true>>') to 'monostate' for 1st argument
build	build	2026-02-05T08:45:51.1978850Z    44 | _LIBCPP_HIDE_FROM_ABI inline constexpr bool operator<=(monostate, monostate) noexcept { return true; }
build	build	2026-02-05T08:45:51.1980100Z       |                                             ^          ~~~~~~~~~
build	build	2026-02-05T08:45:51.1986110Z /Applications/Xcode_16.4.app/Contents/Developer/Platforms/MacOSX.platform/Developer/SDKs/MacOSX.sdk/usr/include/c++/v1/__thread/id.h:95:35: note: candidate function not viable: no known conversion from 'const Arr' (aka 'const xarray_container<uvector<double, std::allocator<double>>, (xt::layout_type)1, svector<unsigned long, 4, std::allocator<unsigned long>, true>>') to '__thread_id' for 1st argument
build	build	2026-02-05T08:45:51.1997320Z    95 | inline _LIBCPP_HIDE_FROM_ABI bool operator<=(__thread_id __x, __thread_id __y) _NOEXCEPT { return !(__y < __x); }
build	build	2026-02-05T08:45:51.2002740Z       |                                   ^          ~~~~~~~~~~~~~~~
build	build	2026-02-05T08:45:51.2013860Z /Applications/Xcode_16.4.app/Contents/Developer/Platforms/MacOSX.platform/Developer/SDKs/MacOSX.sdk/usr/include/c++/v1/__utility/pair.h:536:1: note: candidate template ignored: could not match 'pair' against 'xt::xarray_container'
build	build	2026-02-05T08:45:51.2015490Z   536 | operator<=(const pair<_T1, _T2>& __x, const pair<_U1, _U2>& __y) {
build	build	2026-02-05T08:45:51.2015890Z       | ^
build	build	2026-02-05T08:45:51.2018610Z /Applications/Xcode_16.4.app/Contents/Developer/Platforms/MacOSX.platform/Developer/SDKs/MacOSX.sdk/usr/include/c++/v1/__iterator/reverse_iterator.h:266:1: note: candidate template ignored: could not match 'reverse_iterator' against 'xt::xarray_container'
build	build	2026-02-05T08:45:51.2021340Z   266 | operator<=(const reverse_iterator<_Iter1>& __x, const reverse_iterator<_Iter2>& __y)
build	build	2026-02-05T08:45:51.2021790Z       | ^
build	build	2026-02-05T08:45:51.2023140Z /Applications/Xcode_16.4.app/Contents/Developer/Platforms/MacOSX.platform/Developer/SDKs/MacOSX.sdk/usr/include/c++/v1/valarray:3110:1: note: candidate template ignored: requirement '__is_val_expr<xt::xarray_container<xt::uvector<double, std::allocator<double>>, xt::layout_type::row_major, xt::svector<unsigned long, 4, std::allocator<unsigned long>, true>, xt::xtensor_expression_tag>>::value' was not satisfied [with _Expr1 = Arr, _Expr2 = double]
build	build	2026-02-05T08:45:51.2103940Z  3110 | operator<=(const _Expr1& __x, const _Expr2& __y) {
build	build	2026-02-05T08:45:51.2117580Z       | ^
build	build	2026-02-05T08:45:51.2119690Z /Applications/Xcode_16.4.app/Contents/Developer/Platforms/MacOSX.platform/Developer/SDKs/MacOSX.sdk/usr/include/c++/v1/valarray:3119:1: note: candidate template ignored: requirement '__is_val_expr<xt::xarray_container<xt::uvector<double, std::allocator<double>>, xt::layout_type::row_major, xt::svector<unsigned long, 4, std::allocator<unsigned long>, true>, xt::xtensor_expression_tag>>::value' was not satisfied [with _Expr = Arr]
build	build	2026-02-05T08:45:51.2122380Z  3119 | operator<=(const _Expr& __x, const typename _Expr::value_type& __y) {
build	build	2026-02-05T08:45:51.2159260Z       | ^
build	build	2026-02-05T08:45:51.2160220Z /Applications/Xcode_16.4.app/Contents/Developer/Platforms/MacOSX.platform/Developer/SDKs/MacOSX.sdk/usr/include/c++/v1/valarray:3128:1: note: candidate template ignored: requirement '__is_val_expr<double>::value' was not satisfied [with _Expr = double]
build	build	2026-02-05T08:45:51.2172800Z  3128 | operator<=(const typename _Expr::value_type& __x, const _Expr& __y) {
build	build	2026-02-05T08:45:51.2175660Z       | ^
build	build	2026-02-05T08:45:51.2176490Z /Applications/Xcode_16.4.app/Contents/Developer/Platforms/MacOSX.platform/Developer/SDKs/MacOSX.sdk/usr/include/c++/v1/optional:1035:1: note: candidate template ignored: could not match 'optional' against 'xt::xarray_container'
build	build	2026-02-05T08:45:51.2177420Z  1035 | operator<=(const optional<_Tp>& __x, const optional<_Up>& __y) {
build	build	2026-02-05T08:45:51.2177800Z       | ^
build	build	2026-02-05T08:45:51.2178580Z /Applications/Xcode_16.4.app/Contents/Developer/Platforms/MacOSX.platform/Developer/SDKs/MacOSX.sdk/usr/include/c++/v1/optional:1101:38: note: candidate template ignored: could not match 'optional' against 'xt::xarray_container'
build	build	2026-02-05T08:45:51.2179590Z  1101 | _LIBCPP_HIDE_FROM_ABI constexpr bool operator<=(const optional<_Tp>& __x, nullopt_t) noexcept {
build	build	2026-02-05T08:45:51.2180070Z       |                                      ^
build	build	2026-02-05T08:45:51.2181150Z /Applications/Xcode_16.4.app/Contents/Developer/Platforms/MacOSX.platform/Developer/SDKs/MacOSX.sdk/usr/include/c++/v1/optional:1106:38: note: candidate template ignored: could not match 'const optional<_Tp>' against 'const double'
build	build	2026-02-05T08:45:51.2182140Z  1106 | _LIBCPP_HIDE_FROM_ABI constexpr bool operator<=(nullopt_t, const optional<_Tp>&) noexcept {
build	build	2026-02-05T08:45:51.2182610Z       |                                      ^
build	build	2026-02-05T08:45:51.2183440Z /Applications/Xcode_16.4.app/Contents/Developer/Platforms/MacOSX.platform/Developer/SDKs/MacOSX.sdk/usr/include/c++/v1/optional:1192:1: note: candidate template ignored: could not match 'optional' against 'xt::xarray_container'
build	build	2026-02-05T08:45:51.2184320Z  1192 | operator<=(const optional<_Tp>& __x, const _Up& __v) {
build	build	2026-02-05T08:45:51.2184670Z       | ^
build	build	2026-02-05T08:45:51.2185880Z /Applications/Xcode_16.4.app/Contents/Developer/Platforms/MacOSX.platform/Developer/SDKs/MacOSX.sdk/usr/include/c++/v1/optional:1200:1: note: candidate template ignored: could not match 'const optional<_Up>' against 'const double'
build	build	2026-02-05T08:45:51.2186840Z  1200 | operator<=(const _Tp& __v, const optional<_Up>& __x) {
build	build	2026-02-05T08:45:51.2187200Z       | ^
build	build	2026-02-05T08:45:51.2188030Z /Applications/Xcode_16.4.app/Contents/Developer/Platforms/MacOSX.platform/Developer/SDKs/MacOSX.sdk/usr/include/c++/v1/__iterator/move_iterator.h:281:1: note: candidate template ignored: could not match 'move_iterator' against 'xt::xarray_container'
build	build	2026-02-05T08:45:51.2189050Z   281 | operator<=(const move_iterator<_Iter1>& __x, const move_iterator<_Iter2>& __y) {
build	build	2026-02-05T08:45:51.2189470Z       | ^
build	build	2026-02-05T08:45:51.2190400Z /Applications/Xcode_16.4.app/Contents/Developer/Platforms/MacOSX.platform/Developer/SDKs/MacOSX.sdk/usr/include/c++/v1/__iterator/wrap_iter.h:178:1: note: candidate template ignored: could not match '__wrap_iter' against 'xt::xarray_container'
build	build	2026-02-05T08:45:51.2191410Z   178 | operator<=(const __wrap_iter<_Iter1>& __x, const __wrap_iter<_Iter1>& __y) _NOEXCEPT {
build	build	2026-02-05T08:45:51.2191840Z       | ^
build	build	2026-02-05T08:45:51.2192640Z /Applications/Xcode_16.4.app/Contents/Developer/Platforms/MacOSX.platform/Developer/SDKs/MacOSX.sdk/usr/include/c++/v1/__iterator/wrap_iter.h:184:1: note: candidate template ignored: could not match '__wrap_iter' against 'xt::xarray_container'
build	build	2026-02-05T08:45:51.2193620Z   184 | operator<=(const __wrap_iter<_Iter1>& __x, const __wrap_iter<_Iter2>& __y) _NOEXCEPT {
build	build	2026-02-05T08:45:51.2194050Z       | ^
build	build	2026-02-05T08:45:51.2194970Z /Applications/Xcode_16.4.app/Contents/Developer/Platforms/MacOSX.platform/Developer/SDKs/MacOSX.sdk/usr/include/c++/v1/variant:1538:38: note: candidate template ignored: could not match 'variant' against 'xt::xarray_container'
build	build	2026-02-05T08:45:51.2196400Z  1538 | _LIBCPP_HIDE_FROM_ABI constexpr bool operator<=(const variant<_Types...>& __lhs, const variant<_Types...>& __rhs) {
build	build	2026-02-05T08:45:51.2197220Z       |                                      ^
build	build	2026-02-05T08:45:51.2198100Z /Applications/Xcode_16.4.app/Contents/Developer/Platforms/MacOSX.platform/Developer/SDKs/MacOSX.sdk/usr/include/c++/v1/tuple:1225:1: note: candidate template ignored: could not match 'tuple' against 'xt::xarray_container'
build	build	2026-02-05T08:45:51.2199010Z  1225 | operator<=(const tuple<_Tp...>& __x, const tuple<_Up...>& __y) {
build	build	2026-02-05T08:45:51.2199390Z       | ^
build	build	2026-02-05T08:45:51.2200180Z /Applications/Xcode_16.4.app/Contents/Developer/Platforms/MacOSX.platform/Developer/SDKs/MacOSX.sdk/usr/include/c++/v1/__memory/unique_ptr.h:522:35: note: candidate template ignored: could not match 'unique_ptr' against 'xt::xarray_container'
build	build	2026-02-05T08:45:51.2201240Z   522 | inline _LIBCPP_HIDE_FROM_ABI bool operator<=(const unique_ptr<_T1, _D1>& __x, const unique_ptr<_T2, _D2>& __y) {
build	build	2026-02-05T08:45:51.2201750Z       |                                   ^
build	build	2026-02-05T08:45:51.2202600Z /Applications/Xcode_16.4.app/Contents/Developer/Platforms/MacOSX.platform/Developer/SDKs/MacOSX.sdk/usr/include/c++/v1/__memory/unique_ptr.h:587:65: note: candidate template ignored: could not match 'unique_ptr' against 'xt::xarray_container'
build	build	2026-02-05T08:45:51.2203770Z   587 | inline _LIBCPP_HIDE_FROM_ABI _LIBCPP_CONSTEXPR_SINCE_CXX23 bool operator<=(const unique_ptr<_T1, _D1>& __x, nullptr_t) {
build	build	2026-02-05T08:45:51.2204330Z       |                                                                 ^
build	build	2026-02-05T08:45:51.2206890Z /Applications/Xcode_16.4.app/Contents/Developer/Platforms/MacOSX.platform/Developer/SDKs/MacOSX.sdk/usr/include/c++/v1/__memory/unique_ptr.h:592:65: note: candidate template ignored: could not match 'const unique_ptr<_T1, _D1>' against 'const double'
build	build	2026-02-05T08:45:51.2208410Z   592 | inline _LIBCPP_HIDE_FROM_ABI _LIBCPP_CONSTEXPR_SINCE_CXX23 bool operator<=(nullptr_t, const unique_ptr<_T1, _D1>& __x) {
build	build	2026-02-05T08:45:51.2208990Z       |                                                                 ^
build	build	2026-02-05T08:45:51.2210040Z /Applications/Xcode_16.4.app/Contents/Developer/Platforms/MacOSX.platform/Developer/SDKs/MacOSX.sdk/usr/include/c++/v1/__memory/shared_ptr.h:1152:35: note: candidate template ignored: could not match 'shared_ptr' against 'xt::xarray_container'
build	build	2026-02-05T08:45:51.2211130Z  1152 | inline _LIBCPP_HIDE_FROM_ABI bool operator<=(const shared_ptr<_Tp>& __x, const shared_ptr<_Up>& __y) _NOEXCEPT {
build	build	2026-02-05T08:45:51.2211640Z       |                                   ^
build	build	2026-02-05T08:45:51.2212510Z /Applications/Xcode_16.4.app/Contents/Developer/Platforms/MacOSX.platform/Developer/SDKs/MacOSX.sdk/usr/include/c++/v1/__memory/shared_ptr.h:1213:35: note: candidate template ignored: could not match 'shared_ptr' against 'xt::xarray_container'
build	build	2026-02-05T08:45:51.2213540Z  1213 | inline _LIBCPP_HIDE_FROM_ABI bool operator<=(const shared_ptr<_Tp>& __x, nullptr_t) _NOEXCEPT {
build	build	2026-02-05T08:45:51.2214010Z       |                                   ^
build	build	2026-02-05T08:45:51.2214880Z /Applications/Xcode_16.4.app/Contents/Developer/Platforms/MacOSX.platform/Developer/SDKs/MacOSX.sdk/usr/include/c++/v1/__memory/shared_ptr.h:1218:35: note: candidate template ignored: could not match 'const shared_ptr<_Tp>' against 'const double'
build	build	2026-02-05T08:45:51.2215900Z  1218 | inline _LIBCPP_HIDE_FROM_ABI bool operator<=(nullptr_t, const shared_ptr<_Tp>& __x) _NOEXCEPT {
build	build	2026-02-05T08:45:51.2216370Z       |                                   ^
build	build	2026-02-05T08:45:51.2217170Z /Applications/Xcode_16.4.app/Contents/Developer/Platforms/MacOSX.platform/Developer/SDKs/MacOSX.sdk/usr/include/c++/v1/array:411:35: note: candidate template ignored: could not match 'array' against 'xt::xarray_container'
build	build	2026-02-05T08:45:51.2218150Z   411 | inline _LIBCPP_HIDE_FROM_ABI bool operator<=(const array<_Tp, _Size>& __x, const array<_Tp, _Size>& __y) {
build	build	2026-02-05T08:45:51.2218650Z       |                                   ^
build	build	2026-02-05T08:45:51.2219500Z /Applications/Xcode_16.4.app/Contents/Developer/Platforms/MacOSX.platform/Developer/SDKs/MacOSX.sdk/usr/include/c++/v1/string_view:831:1: note: candidate template ignored: could not match 'basic_string_view' against 'xt::xarray_container'
build	build	2026-02-05T08:45:51.2220870Z   831 | operator<=(basic_string_view<_CharT, _Traits> __lhs, basic_string_view<_CharT, _Traits> __rhs) _NOEXCEPT {
build	build	2026-02-05T08:45:51.2221340Z       | ^
build	build	2026-02-05T08:45:51.2222120Z /Applications/Xcode_16.4.app/Contents/Developer/Platforms/MacOSX.platform/Developer/SDKs/MacOSX.sdk/usr/include/c++/v1/string_view:837:1: note: candidate template ignored: could not match 'basic_string_view' against 'xt::xarray_container'
build	build	2026-02-05T08:45:51.2223020Z   837 | operator<=(basic_string_view<_CharT, _Traits> __lhs,
build	build	2026-02-05T08:45:51.2223360Z       | ^
build	build	2026-02-05T08:45:51.2224140Z /Applications/Xcode_16.4.app/Contents/Developer/Platforms/MacOSX.platform/Developer/SDKs/MacOSX.sdk/usr/include/c++/v1/string_view:844:1: note: candidate template ignored: could not match 'basic_string_view<_CharT, _Traits>' against 'double'
build	build	2026-02-05T08:45:51.2225150Z   844 | operator<=(__type_identity_t<basic_string_view<_CharT, _Traits> > __lhs,
build	build	2026-02-05T08:45:51.2226190Z       | ^
build	build	2026-02-05T08:45:51.2226970Z /Applications/Xcode_16.4.app/Contents/Developer/Platforms/MacOSX.platform/Developer/SDKs/MacOSX.sdk/usr/include/c++/v1/string:3948:35: note: candidate template ignored: could not match 'basic_string' against 'xt::xarray_container'
build	build	2026-02-05T08:45:51.2227970Z  3948 | inline _LIBCPP_HIDE_FROM_ABI bool operator<=(const basic_string<_CharT, _Traits, _Allocator>& __lhs,
build	build	2026-02-05T08:45:51.2228450Z       |                                   ^
build	build	2026-02-05T08:45:51.2229280Z /Applications/Xcode_16.4.app/Contents/Developer/Platforms/MacOSX.platform/Developer/SDKs/MacOSX.sdk/usr/include/c++/v1/string:3955:1: note: candidate template ignored: could not match 'basic_string' against 'xt::xarray_container'
build	build	2026-02-05T08:45:51.2230300Z  3955 | operator<=(const basic_string<_CharT, _Traits, _Allocator>& __lhs, const _CharT* __rhs) _NOEXCEPT {
build	build	2026-02-05T08:45:51.2230770Z       | ^
build	build	2026-02-05T08:45:51.2231900Z /Applications/Xcode_16.4.app/Contents/Developer/Platforms/MacOSX.platform/Developer/SDKs/MacOSX.sdk/usr/include/c++/v1/string:3961:1: note: candidate template ignored: could not match 'const _CharT *' against 'Arr' (aka 'xarray_container<uvector<double, std::allocator<double>>, (xt::layout_type)1, svector<unsigned long, 4, std::allocator<unsigned long>, true>>')
build	build	2026-02-05T08:45:51.2233230Z  3961 | operator<=(const _CharT* __lhs, const basic_string<_CharT, _Traits, _Allocator>& __rhs) _NOEXCEPT {
build	build	2026-02-05T08:45:51.2233710Z       | ^
build	build	2026-02-05T08:45:51.2234460Z /Applications/Xcode_16.4.app/Contents/Developer/Platforms/MacOSX.platform/Developer/SDKs/MacOSX.sdk/usr/include/c++/v1/vector:2935:35: note: candidate template ignored: could not match 'vector' against 'xt::xarray_container'
build	build	2026-02-05T08:45:51.2235480Z  2935 | inline _LIBCPP_HIDE_FROM_ABI bool operator<=(const vector<_Tp, _Allocator>& __x, const vector<_Tp, _Allocator>& __y) {
build	build	2026-02-05T08:45:51.2236020Z       |                                   ^
build	build	2026-02-05T08:45:51.2236830Z /Applications/Xcode_16.4.app/Contents/Developer/Platforms/MacOSX.platform/Developer/SDKs/MacOSX.sdk/usr/include/c++/v1/deque:2550:35: note: candidate template ignored: could not match 'deque' against 'xt::xarray_container'
build	build	2026-02-05T08:45:51.2238750Z  2550 | inline _LIBCPP_HIDE_FROM_ABI bool operator<=(const deque<_Tp, _Allocator>& __x, const deque<_Tp, _Allocator>& __y) {
build	build	2026-02-05T08:45:51.2239310Z       |                                   ^
build	build	2026-02-05T08:45:51.2240120Z /Applications/Xcode_16.4.app/Contents/Developer/Platforms/MacOSX.platform/Developer/SDKs/MacOSX.sdk/usr/include/c++/v1/queue:488:35: note: candidate template ignored: could not match 'queue' against 'xt::xarray_container'
build	build	2026-02-05T08:45:51.2241760Z   488 | inline _LIBCPP_HIDE_FROM_ABI bool operator<=(const queue<_Tp, _Container>& __x, const queue<_Tp, _Container>& __y) {
build	build	2026-02-05T08:45:51.2242330Z       |                                   ^
build	build	2026-02-05T08:45:51.2243580Z /Applications/Xcode_16.4.app/Contents/Developer/Platforms/MacOSX.platform/Developer/SDKs/MacOSX.sdk/usr/include/c++/v1/stack:344:35: note: candidate template ignored: could not match 'stack' against 'xt::xarray_container'
build	build	2026-02-05T08:45:51.2244630Z   344 | inline _LIBCPP_HIDE_FROM_ABI bool operator<=(const stack<_Tp, _Container>& __x, const stack<_Tp, _Container>& __y) {
build	build	2026-02-05T08:45:51.2245160Z       |                                   ^
build	build	2026-02-05T08:45:51.2246010Z /Applications/Xcode_16.4.app/Contents/Developer/Platforms/MacOSX.platform/Developer/SDKs/MacOSX.sdk/usr/include/c++/v1/forward_list:1513:1: note: candidate template ignored: could not match 'forward_list' against 'xt::xarray_container'
build	build	2026-02-05T08:45:51.2246990Z  1513 | operator<=(const forward_list<_Tp, _Alloc>& __x, const forward_list<_Tp, _Alloc>& __y) {
build	build	2026-02-05T08:45:51.2247430Z       | ^
build	build	2026-02-05T08:45:51.2248260Z /Users/runner/work/multiplierless-cpp/multiplierless-cpp/cpm_modules/xtensor/4a957e26c765b48cbec4a4235fe9e518d5a85d3d/include/xtensor/xstorage.hpp:598:17: note: candidate template ignored: could not match 'uvector' against 'xt::xarray_container'
build	build	2026-02-05T08:45:51.2249380Z   598 |     inline bool operator<=(const uvector<T, A>& lhs, const uvector<T, A>& rhs)
build	build	2026-02-05T08:45:51.2249780Z       |                 ^
build	build	2026-02-05T08:45:51.2250650Z /Users/runner/work/multiplierless-cpp/multiplierless-cpp/cpm_modules/xtensor/4a957e26c765b48cbec4a4235fe9e518d5a85d3d/include/xtensor/xstorage.hpp:1391:17: note: candidate template ignored: could not match 'svector' against 'xt::xarray_container'
build	build	2026-02-05T08:45:51.2251700Z  1391 |     inline bool operator<=(const svector<T, N, A, Init>& lhs, const svector<T, N, A, Init>& rhs)
build	build	2026-02-05T08:45:51.2252900Z       |                 ^
build	build	2026-02-05T08:45:51.2253910Z /Users/runner/work/multiplierless-cpp/multiplierless-cpp/cpm_modules/xtensor/4a957e26c765b48cbec4a4235fe9e518d5a85d3d/include/xtensor/xstorage.hpp:1623:17: note: candidate template ignored: could not match 'const_array' against 'xt::xarray_container'
build	build	2026-02-05T08:45:51.2254960Z  1623 |     inline bool operator<=(const const_array<T, N>& lhs, const const_array<T, N>& rhs)
build	build	2026-02-05T08:45:51.2255400Z       |                 ^
build	build	2026-02-05T08:45:51.2256320Z /Users/runner/work/multiplierless-cpp/multiplierless-cpp/cpm_modules/xtensor/4a957e26c765b48cbec4a4235fe9e518d5a85d3d/include/xtensor/xbuffer_adaptor.hpp:1019:17: note: candidate template ignored: could not match 'xbuffer_adaptor_base' against 'xt::xarray_container'
build	build	2026-02-05T08:45:51.2257430Z  1019 |     inline bool operator<=(const xbuffer_adaptor_base<D>& lhs, const xbuffer_adaptor_base<D>& rhs)
build	build	2026-02-05T08:45:51.2257890Z       |                 ^
build	build	2026-02-05T08:45:51.2259020Z /Applications/Xcode_16.4.app/Contents/Developer/Platforms/MacOSX.platform/Developer/SDKs/MacOSX.sdk/usr/include/c++/v1/map:1611:1: note: candidate template ignored: could not match 'map' against 'xt::xarray_container'
build	build	2026-02-05T08:45:51.2260020Z  1611 | operator<=(const map<_Key, _Tp, _Compare, _Allocator>& __x, const map<_Key, _Tp, _Compare, _Allocator>& __y) {
build	build	2026-02-05T08:45:51.2260500Z       | ^
build	build	2026-02-05T08:45:51.2261240Z /Applications/Xcode_16.4.app/Contents/Developer/Platforms/MacOSX.platform/Developer/SDKs/MacOSX.sdk/usr/include/c++/v1/map:2124:1: note: candidate template ignored: could not match 'multimap' against 'xt::xarray_container'
build	build	2026-02-05T08:45:51.2262270Z  2124 | operator<=(const multimap<_Key, _Tp, _Compare, _Allocator>& __x, const multimap<_Key, _Tp, _Compare, _Allocator>& __y) {
build	build	2026-02-05T08:45:51.2262780Z       | ^
build	build	2026-02-05T08:45:51.2264510Z /Users/runner/work/multiplierless-cpp/multiplierless-cpp/cpm_modules/xtensor/4a957e26c765b48cbec4a4235fe9e518d5a85d3d/include/xtensor/xoperation.hpp:579:17: note: candidate template ignored: requirement 'disjunction<xt::detail::is_crtp_base_of_impl<xt::xexpression, xt::xarray_container<xt::uvector<double, std::allocator<double>>, xt::layout_type::row_major, xt::svector<unsigned long, 4, std::allocator<unsigned long>, true>, xt::xtensor_expression_tag>>, xt::detail::is_crtp_base_of_impl<xt::xexpression, double>>::value' was not satisfied [with E1 = const Arr &, E2 = const double &]
build	build	2026-02-05T08:45:51.2267200Z   579 |     inline auto operator<=(E1&& e1, E2&& e2) noexcept -> detail::xfunction_type_t<detail::less_equal, E1, E2>
build	build	2026-02-05T08:45:51.2267710Z       |                 ^
build	build	2026-02-05T08:45:51.2268910Z /Users/runner/work/multiplierless-cpp/multiplierless-cpp/source/lowpass_oracle.cpp:71:40: error: invalid operands to binary expression ('const double' and 'const Arr' (aka 'const xarray_container<uvector<double, std::allocator<double>>, (xt::layout_type)1, svector<unsigned long, 4, std::allocator<unsigned long>, true>>'))
build	build	2026-02-05T08:45:51.2270070Z    71 |     const auto ind_s = xt::where(wstop <= w)[0];  // stopband
build	build	2026-02-05T08:45:51.2270600Z       |                                  ~~~~~ ^  ~
build	build	2026-02-05T08:45:51.2271530Z /Applications/Xcode_16.4.app/Contents/Developer/Platforms/MacOSX.platform/Developer/SDKs/MacOSX.sdk/usr/include/c++/v1/__variant/monostate.h:44:45: note: candidate function not viable: no known conversion from 'const double' to 'monostate' for 1st argument
build	build	2026-02-05T08:45:51.2272780Z    44 | _LIBCPP_HIDE_FROM_ABI inline constexpr bool operator<=(monostate, monostate) noexcept { return true; }
build	build	2026-02-05T08:45:51.2273300Z       |                                             ^          ~~~~~~~~~
build	build	2026-02-05T08:45:51.2274200Z /Applications/Xcode_16.4.app/Contents/Developer/Platforms/MacOSX.platform/Developer/SDKs/MacOSX.sdk/usr/include/c++/v1/__thread/id.h:95:35: note: candidate function not viable: no known conversion from 'const double' to '__thread_id' for 1st argument
build	build	2026-02-05T08:45:51.2275270Z    95 | inline _LIBCPP_HIDE_FROM_ABI bool operator<=(__thread_id __x, __thread_id __y) _NOEXCEPT { return !(__y < __x); }
build	build	2026-02-05T08:45:51.2275810Z       |                                   ^          ~~~~~~~~~~~~~~~
build	build	2026-02-05T08:45:51.2276710Z /Applications/Xcode_16.4.app/Contents/Developer/Platforms/MacOSX.platform/Developer/SDKs/MacOSX.sdk/usr/include/c++/v1/__utility/pair.h:536:1: note: candidate template ignored: could not match 'const pair<_T1, _T2>' against 'const double'
build	build	2026-02-05T08:45:51.2277690Z   536 | operator<=(const pair<_T1, _T2>& __x, const pair<_U1, _U2>& __y) {
build	build	2026-02-05T08:45:51.2278070Z       | ^
build	build	2026-02-05T08:45:51.2278910Z /Applications/Xcode_16.4.app/Contents/Developer/Platforms/MacOSX.platform/Developer/SDKs/MacOSX.sdk/usr/include/c++/v1/__iterator/reverse_iterator.h:266:1: note: candidate template ignored: could not match 'const reverse_iterator<_Iter1>' against 'const double'
build	build	2026-02-05T08:45:51.2279940Z   266 | operator<=(const reverse_iterator<_Iter1>& __x, const reverse_iterator<_Iter2>& __y)
build	build	2026-02-05T08:45:51.2280360Z       | ^
build	build	2026-02-05T08:45:51.2281280Z /Applications/Xcode_16.4.app/Contents/Developer/Platforms/MacOSX.platform/Developer/SDKs/MacOSX.sdk/usr/include/c++/v1/valarray:3110:1: note: candidate template ignored: requirement '__is_val_expr<double>::value' was not satisfied [with _Expr1 = double, _Expr2 = Arr]
build	build	2026-02-05T08:45:51.2282250Z  3110 | operator<=(const _Expr1& __x, const _Expr2& __y) {
build	build	2026-02-05T08:45:51.2282590Z       | ^
build	build	2026-02-05T08:45:51.2283630Z /Applications/Xcode_16.4.app/Contents/Developer/Platforms/MacOSX.platform/Developer/SDKs/MacOSX.sdk/usr/include/c++/v1/valarray:3119:1: note: candidate template ignored: requirement '__is_val_expr<double>::value' was not satisfied [with _Expr = double]
build	build	2026-02-05T08:45:51.2284660Z  3119 | operator<=(const _Expr& __x, const typename _Expr::value_type& __y) {
build	build	2026-02-05T08:45:51.2285060Z       | ^
build	build	2026-02-05T08:45:51.2286350Z /Applications/Xcode_16.4.app/Contents/Developer/Platforms/MacOSX.platform/Developer/SDKs/MacOSX.sdk/usr/include/c++/v1/valarray:3128:1: note: candidate template ignored: requirement '__is_val_expr<xt::xarray_container<xt::uvector<double, std::allocator<double>>, xt::layout_type::row_major, xt::svector<unsigned long, 4, std::allocator<unsigned long>, true>, xt::xtensor_expression_tag>>::value' was not satisfied [with _Expr = Arr]
build	build	2026-02-05T08:45:51.2288050Z  3128 | operator<=(const typename _Expr::value_type& __x, const _Expr& __y) {
build	build	2026-02-05T08:45:51.2288450Z       | ^
build	build	2026-02-05T08:45:51.2289220Z /Applications/Xcode_16.4.app/Contents/Developer/Platforms/MacOSX.platform/Developer/SDKs/MacOSX.sdk/usr/include/c++/v1/optional:1035:1: note: candidate template ignored: could not match 'const optional<_Tp>' against 'const double'
build	build	2026-02-05T08:45:51.2290280Z  1035 | operator<=(const optional<_Tp>& __x, const optional<_Up>& __y) {
build	build	2026-02-05T08:45:51.2290540Z       | ^
build	build	2026-02-05T08:45:51.2291180Z /Applications/Xcode_16.4.app/Contents/Developer/Platforms/MacOSX.platform/Developer/SDKs/MacOSX.sdk/usr/include/c++/v1/optional:1101:38: note: candidate template ignored: could not match 'const optional<_Tp>' against 'const double'
build	build	2026-02-05T08:45:51.2292050Z  1101 | _LIBCPP_HIDE_FROM_ABI constexpr bool operator<=(const optional<_Tp>& __x, nullopt_t) noexcept {
build	build	2026-02-05T08:45:51.2292660Z       |                                      ^
build	build	2026-02-05T08:45:51.2293370Z /Applications/Xcode_16.4.app/Contents/Developer/Platforms/MacOSX.platform/Developer/SDKs/MacOSX.sdk/usr/include/c++/v1/optional:1106:38: note: candidate template ignored: could not match 'optional' against 'xt::xarray_container'
build	build	2026-02-05T08:45:51.2294480Z  1106 | _LIBCPP_HIDE_FROM_ABI constexpr bool operator<=(nullopt_t, const optional<_Tp>&) noexcept {
build	build	2026-02-05T08:45:51.2294830Z       |                                      ^
build	build	2026-02-05T08:45:51.2295640Z /Applications/Xcode_16.4.app/Contents/Developer/Platforms/MacOSX.platform/Developer/SDKs/MacOSX.sdk/usr/include/c++/v1/optional:1192:1: note: candidate template ignored: could not match 'const optional<_Tp>' against 'const double'
build	build	2026-02-05T08:45:51.2296400Z  1192 | operator<=(const optional<_Tp>& __x, const _Up& __v) {
build	build	2026-02-05T08:45:51.2296630Z       | ^
build	build	2026-02-05T08:45:51.2297250Z /Applications/Xcode_16.4.app/Contents/Developer/Platforms/MacOSX.platform/Developer/SDKs/MacOSX.sdk/usr/include/c++/v1/optional:1200:1: note: candidate template ignored: could not match 'optional' against 'xt::xarray_container'
build	build	2026-02-05T08:45:51.2298000Z  1200 | operator<=(const _Tp& __v, const optional<_Up>& __x) {
build	build	2026-02-05T08:45:51.2298220Z       | ^
build	build	2026-02-05T08:45:51.2298920Z /Applications/Xcode_16.4.app/Contents/Developer/Platforms/MacOSX.platform/Developer/SDKs/MacOSX.sdk/usr/include/c++/v1/__iterator/move_iterator.h:281:1: note: candidate template ignored: could not match 'const move_iterator<_Iter1>' against 'const double'
build	build	2026-02-05T08:45:51.2299800Z   281 | operator<=(const move_iterator<_Iter1>& __x, const move_iterator<_Iter2>& __y) {
build	build	2026-02-05T08:45:51.2300090Z       | ^
build	build	2026-02-05T08:45:51.2300990Z /Applications/Xcode_16.4.app/Contents/Developer/Platforms/MacOSX.platform/Developer/SDKs/MacOSX.sdk/usr/include/c++/v1/__iterator/wrap_iter.h:178:1: note: candidate template ignored: could not match 'const __wrap_iter<_Iter1>' against 'const double'
build	build	2026-02-05T08:45:51.2301870Z   178 | operator<=(const __wrap_iter<_Iter1>& __x, const __wrap_iter<_Iter1>& __y) _NOEXCEPT {
build	build	2026-02-05T08:45:51.2302170Z       | ^
build	build	2026-02-05T08:45:51.2302850Z /Applications/Xcode_16.4.app/Contents/Developer/Platforms/MacOSX.platform/Developer/SDKs/MacOSX.sdk/usr/include/c++/v1/__iterator/wrap_iter.h:184:1: note: candidate template ignored: could not match 'const __wrap_iter<_Iter1>' against 'const double'
build	build	2026-02-05T08:45:51.2303710Z   184 | operator<=(const __wrap_iter<_Iter1>& __x, const __wrap_iter<_Iter2>& __y) _NOEXCEPT {
build	build	2026-02-05T08:45:51.2304080Z       | ^
build	build	2026-02-05T08:45:51.2304720Z /Applications/Xcode_16.4.app/Contents/Developer/Platforms/MacOSX.platform/Developer/SDKs/MacOSX.sdk/usr/include/c++/v1/variant:1538:38: note: candidate template ignored: could not match 'const variant<_Types...>' against 'const double'
build	build	2026-02-05T08:45:51.2305650Z  1538 | _LIBCPP_HIDE_FROM_ABI constexpr bool operator<=(const variant<_Types...>& __lhs, const variant<_Types...>& __rhs) {
build	build	2026-02-05T08:45:51.2306170Z       |                                      ^
build	build	2026-02-05T08:45:51.2306870Z /Applications/Xcode_16.4.app/Contents/Developer/Platforms/MacOSX.platform/Developer/SDKs/MacOSX.sdk/usr/include/c++/v1/tuple:1225:1: note: candidate template ignored: could not match 'const tuple<_Tp...>' against 'const double'
build	build	2026-02-05T08:45:51.2307640Z  1225 | operator<=(const tuple<_Tp...>& __x, const tuple<_Up...>& __y) {
build	build	2026-02-05T08:45:51.2307930Z       | ^
build	build	2026-02-05T08:45:51.2308600Z /Applications/Xcode_16.4.app/Contents/Developer/Platforms/MacOSX.platform/Developer/SDKs/MacOSX.sdk/usr/include/c++/v1/__memory/unique_ptr.h:522:35: note: candidate template ignored: could not match 'const unique_ptr<_T1, _D1>' against 'const double'
build	build	2026-02-05T08:45:51.2309530Z   522 | inline _LIBCPP_HIDE_FROM_ABI bool operator<=(const unique_ptr<_T1, _D1>& __x, const unique_ptr<_T2, _D2>& __y) {
build	build	2026-02-05T08:45:51.2309920Z       |                                   ^
build	build	2026-02-05T08:45:51.2310740Z /Applications/Xcode_16.4.app/Contents/Developer/Platforms/MacOSX.platform/Developer/SDKs/MacOSX.sdk/usr/include/c++/v1/__memory/unique_ptr.h:587:65: note: candidate template ignored: could not match 'const unique_ptr<_T1, _D1>' against 'const double'
build	build	2026-02-05T08:45:51.2311790Z   587 | inline _LIBCPP_HIDE_FROM_ABI _LIBCPP_CONSTEXPR_SINCE_CXX23 bool operator<=(const unique_ptr<_T1, _D1>& __x, nullptr_t) {
build	build	2026-02-05T08:45:51.2312230Z       |                                                                 ^
build	build	2026-02-05T08:45:51.2313000Z /Applications/Xcode_16.4.app/Contents/Developer/Platforms/MacOSX.platform/Developer/SDKs/MacOSX.sdk/usr/include/c++/v1/__memory/unique_ptr.h:592:65: note: candidate template ignored: could not match 'unique_ptr' against 'xt::xarray_container'
build	build	2026-02-05T08:45:51.2313950Z   592 | inline _LIBCPP_HIDE_FROM_ABI _LIBCPP_CONSTEXPR_SINCE_CXX23 bool operator<=(nullptr_t, const unique_ptr<_T1, _D1>& __x) {
build	build	2026-02-05T08:45:51.2314380Z       |                                                                 ^
build	build	2026-02-05T08:45:51.2315210Z /Applications/Xcode_16.4.app/Contents/Developer/Platforms/MacOSX.platform/Developer/SDKs/MacOSX.sdk/usr/include/c++/v1/__memory/shared_ptr.h:1152:35: note: candidate template ignored: could not match 'const shared_ptr<_Tp>' against 'const double'
build	build	2026-02-05T08:45:51.2316170Z  1152 | inline _LIBCPP_HIDE_FROM_ABI bool operator<=(const shared_ptr<_Tp>& __x, const shared_ptr<_Up>& __y) _NOEXCEPT {
build	build	2026-02-05T08:45:51.2316570Z       |                                   ^
build	build	2026-02-05T08:45:51.2317320Z /Applications/Xcode_16.4.app/Contents/Developer/Platforms/MacOSX.platform/Developer/SDKs/MacOSX.sdk/usr/include/c++/v1/__memory/shared_ptr.h:1213:35: note: candidate template ignored: could not match 'const shared_ptr<_Tp>' against 'const double'
build	build	2026-02-05T08:45:51.2318240Z  1213 | inline _LIBCPP_HIDE_FROM_ABI bool operator<=(const shared_ptr<_Tp>& __x, nullptr_t) _NOEXCEPT {
build	build	2026-02-05T08:45:51.2318600Z       |                                   ^
build	build	2026-02-05T08:45:51.2319360Z /Applications/Xcode_16.4.app/Contents/Developer/Platforms/MacOSX.platform/Developer/SDKs/MacOSX.sdk/usr/include/c++/v1/__memory/shared_ptr.h:1218:35: note: candidate template ignored: could not match 'shared_ptr' against 'xt::xarray_container'
build	build	2026-02-05T08:45:51.2320260Z  1218 | inline _LIBCPP_HIDE_FROM_ABI bool operator<=(nullptr_t, const shared_ptr<_Tp>& __x) _NOEXCEPT {
build	build	2026-02-05T08:45:51.2320620Z       |                                   ^
build	build	2026-02-05T08:45:51.2321320Z /Applications/Xcode_16.4.app/Contents/Developer/Platforms/MacOSX.platform/Developer/SDKs/MacOSX.sdk/usr/include/c++/v1/array:411:35: note: candidate template ignored: could not match 'const array<_Tp, _Size>' against 'const double'
build	build	2026-02-05T08:45:51.2322310Z   411 | inline _LIBCPP_HIDE_FROM_ABI bool operator<=(const array<_Tp, _Size>& __x, const array<_Tp, _Size>& __y) {
build	build	2026-02-05T08:45:51.2322720Z       |                                   ^
build	build	2026-02-05T08:45:51.2323450Z /Applications/Xcode_16.4.app/Contents/Developer/Platforms/MacOSX.platform/Developer/SDKs/MacOSX.sdk/usr/include/c++/v1/string_view:831:1: note: candidate template ignored: could not match 'basic_string_view<_CharT, _Traits>' against 'double'
build	build	2026-02-05T08:45:51.2324470Z   831 | operator<=(basic_string_view<_CharT, _Traits> __lhs, basic_string_view<_CharT, _Traits> __rhs) _NOEXCEPT {
build	build	2026-02-05T08:45:51.2331090Z       | ^
build	build	2026-02-05T08:45:51.2331830Z /Applications/Xcode_16.4.app/Contents/Developer/Platforms/MacOSX.platform/Developer/SDKs/MacOSX.sdk/usr/include/c++/v1/string_view:837:1: note: candidate template ignored: could not match 'basic_string_view<_CharT, _Traits>' against 'double'
build	build	2026-02-05T08:45:51.2332610Z   837 | operator<=(basic_string_view<_CharT, _Traits> __lhs,
build	build	2026-02-05T08:45:51.2332820Z       | ^
build	build	2026-02-05T08:45:51.2333480Z /Applications/Xcode_16.4.app/Contents/Developer/Platforms/MacOSX.platform/Developer/SDKs/MacOSX.sdk/usr/include/c++/v1/string_view:844:1: note: candidate template ignored: could not match 'basic_string_view' against 'xt::xarray_container'
build	build	2026-02-05T08:45:51.2334300Z   844 | operator<=(__type_identity_t<basic_string_view<_CharT, _Traits> > __lhs,
build	build	2026-02-05T08:45:51.2334570Z       | ^
build	build	2026-02-05T08:45:51.2335260Z /Applications/Xcode_16.4.app/Contents/Developer/Platforms/MacOSX.platform/Developer/SDKs/MacOSX.sdk/usr/include/c++/v1/string:3948:35: note: candidate template ignored: could not match 'const basic_string<_CharT, _Traits, _Allocator>' against 'const double'
build	build	2026-02-05T08:45:51.2336760Z  3948 | inline _LIBCPP_HIDE_FROM_ABI bool operator<=(const basic_string<_CharT, _Traits, _Allocator>& __lhs,
build	build	2026-02-05T08:45:51.2337170Z       |                                   ^
build	build	2026-02-05T08:45:51.2338170Z /Applications/Xcode_16.4.app/Contents/Developer/Platforms/MacOSX.platform/Developer/SDKs/MacOSX.sdk/usr/include/c++/v1/string:3955:1: note: candidate template ignored: could not match 'const basic_string<_CharT, _Traits, _Allocator>' against 'const double'
build	build	2026-02-05T08:45:51.2339140Z  3955 | operator<=(const basic_string<_CharT, _Traits, _Allocator>& __lhs, const _CharT* __rhs) _NOEXCEPT {
build	build	2026-02-05T08:45:51.2339500Z       | ^
build	build	2026-02-05T08:45:51.2340100Z /Applications/Xcode_16.4.app/Contents/Developer/Platforms/MacOSX.platform/Developer/SDKs/MacOSX.sdk/usr/include/c++/v1/string:3961:1: note: candidate template ignored: could not match 'const _CharT *' against 'double'
build	build	2026-02-05T08:45:51.2340960Z  3961 | operator<=(const _CharT* __lhs, const basic_string<_CharT, _Traits, _Allocator>& __rhs) _NOEXCEPT {
build	build	2026-02-05T08:45:51.2341300Z       | ^
build	build	2026-02-05T08:45:51.2341960Z /Applications/Xcode_16.4.app/Contents/Developer/Platforms/MacOSX.platform/Developer/SDKs/MacOSX.sdk/usr/include/c++/v1/vector:2935:35: note: candidate template ignored: could not match 'const vector<_Tp, _Allocator>' against 'const double'
build	build	2026-02-05T08:45:51.2342910Z  2935 | inline _LIBCPP_HIDE_FROM_ABI bool operator<=(const vector<_Tp, _Allocator>& __x, const vector<_Tp, _Allocator>& __y) {
build	build	2026-02-05T08:45:51.2343310Z       |                                   ^
build	build	2026-02-05T08:45:51.2344030Z /Applications/Xcode_16.4.app/Contents/Developer/Platforms/MacOSX.platform/Developer/SDKs/MacOSX.sdk/usr/include/c++/v1/deque:2550:35: note: candidate template ignored: could not match 'const deque<_Tp, _Allocator>' against 'const double'
build	build	2026-02-05T08:45:51.2344970Z  2550 | inline _LIBCPP_HIDE_FROM_ABI bool operator<=(const deque<_Tp, _Allocator>& __x, const deque<_Tp, _Allocator>& __y) {
build	build	2026-02-05T08:45:51.2345360Z       |                                   ^
build	build	2026-02-05T08:45:51.2346070Z /Applications/Xcode_16.4.app/Contents/Developer/Platforms/MacOSX.platform/Developer/SDKs/MacOSX.sdk/usr/include/c++/v1/queue:488:35: note: candidate template ignored: could not match 'const queue<_Tp, _Container>' against 'const double'
build	build	2026-02-05T08:45:51.2346990Z   488 | inline _LIBCPP_HIDE_FROM_ABI bool operator<=(const queue<_Tp, _Container>& __x, const queue<_Tp, _Container>& __y) {
build	build	2026-02-05T08:45:51.2347390Z       |                                   ^
build	build	2026-02-05T08:45:51.2348090Z /Applications/Xcode_16.4.app/Contents/Developer/Platforms/MacOSX.platform/Developer/SDKs/MacOSX.sdk/usr/include/c++/v1/stack:344:35: note: candidate template ignored: could not match 'const stack<_Tp, _Container>' against 'const double'
build	build	2026-02-05T08:45:51.2352050Z   344 | inline _LIBCPP_HIDE_FROM_ABI bool operator<=(const stack<_Tp, _Container>& __x, const stack<_Tp, _Container>& __y) {
build	build	2026-02-05T08:45:51.2353120Z       |                                   ^
build	build	2026-02-05T08:45:51.2356110Z /Applications/Xcode_16.4.app/Contents/Developer/Platforms/MacOSX.platform/Developer/SDKs/MacOSX.sdk/usr/include/c++/v1/forward_list:1513:1: note: candidate template ignored: could not match 'const forward_list<_Tp, _Alloc>' against 'const double'
build	build	2026-02-05T08:45:51.2358600Z  1513 | operator<=(const forward_list<_Tp, _Alloc>& __x, const forward_list<_Tp, _Alloc>& __y) {
build	build	2026-02-05T08:45:51.2359680Z       | ^
build	build	2026-02-05T08:45:51.2361630Z /Users/runner/work/multiplierless-cpp/multiplierless-cpp/cpm_modules/xtensor/4a957e26c765b48cbec4a4235fe9e518d5a85d3d/include/xtensor/xstorage.hpp:598:17: note: candidate template ignored: could not match 'const uvector<T, A>' against 'const double'
build	build	2026-02-05T08:45:51.2364500Z   598 |     inline bool operator<=(const uvector<T, A>& lhs, const uvector<T, A>& rhs)
build	build	2026-02-05T08:45:51.2365990Z       |                 ^
build	build	2026-02-05T08:45:51.2368390Z /Users/runner/work/multiplierless-cpp/multiplierless-cpp/cpm_modules/xtensor/4a957e26c765b48cbec4a4235fe9e518d5a85d3d/include/xtensor/xstorage.hpp:1391:17: note: candidate template ignored: could not match 'const svector<T, N, A, Init>' against 'const double'
build	build	2026-02-05T08:45:51.2371170Z  1391 |     inline bool operator<=(const svector<T, N, A, Init>& lhs, const svector<T, N, A, Init>& rhs)
build	build	2026-02-05T08:45:51.2372060Z       |                 ^
build	build	2026-02-05T08:45:51.2374130Z /Users/runner/work/multiplierless-cpp/multiplierless-cpp/cpm_modules/xtensor/4a957e26c765b48cbec4a4235fe9e518d5a85d3d/include/xtensor/xstorage.hpp:1623:17: note: candidate template ignored: could not match 'const const_array<T, N>' against 'const double'
build	build	2026-02-05T08:45:51.2376690Z  1623 |     inline bool operator<=(const const_array<T, N>& lhs, const const_array<T, N>& rhs)
build	build	2026-02-05T08:45:51.2377520Z       |                 ^
build	build	2026-02-05T08:45:51.2379670Z /Users/runner/work/multiplierless-cpp/multiplierless-cpp/cpm_modules/xtensor/4a957e26c765b48cbec4a4235fe9e518d5a85d3d/include/xtensor/xbuffer_adaptor.hpp:1019:17: note: candidate template ignored: could not match 'const xbuffer_adaptor_base<D>' against 'const double'
build	build	2026-02-05T08:45:51.2382360Z  1019 |     inline bool operator<=(const xbuffer_adaptor_base<D>& lhs, const xbuffer_adaptor_base<D>& rhs)
build	build	2026-02-05T08:45:51.2382760Z       |                 ^
build	build	2026-02-05T08:45:51.2383490Z /Applications/Xcode_16.4.app/Contents/Developer/Platforms/MacOSX.platform/Developer/SDKs/MacOSX.sdk/usr/include/c++/v1/map:1611:1: note: candidate template ignored: could not match 'const map<_Key, _Tp, _Compare, _Allocator>' against 'const double'
build	build	2026-02-05T08:45:51.2384860Z  1611 | operator<=(const map<_Key, _Tp, _Compare, _Allocator>& __x, const map<_Key, _Tp, _Compare, _Allocator>& __y) {
build	build	2026-02-05T08:45:51.2385400Z       | ^
build	build	2026-02-05T08:45:51.2386090Z /Applications/Xcode_16.4.app/Contents/Developer/Platforms/MacOSX.platform/Developer/SDKs/MacOSX.sdk/usr/include/c++/v1/map:2124:1: note: candidate template ignored: could not match 'const multimap<_Key, _Tp, _Compare, _Allocator>' against 'const double'
build	build	2026-02-05T08:45:51.2387350Z  2124 | operator<=(const multimap<_Key, _Tp, _Compare, _Allocator>& __x, const multimap<_Key, _Tp, _Compare, _Allocator>& __y) {
build	build	2026-02-05T08:45:51.2387750Z       | ^
build	build	2026-02-05T08:45:51.2389370Z /Users/runner/work/multiplierless-cpp/multiplierless-cpp/cpm_modules/xtensor/4a957e26c765b48cbec4a4235fe9e518d5a85d3d/include/xtensor/xoperation.hpp:579:17: note: candidate template ignored: requirement 'disjunction<xt::detail::is_crtp_base_of_impl<xt::xexpression, double>, xt::detail::is_crtp_base_of_impl<xt::xexpression, xt::xarray_container<xt::uvector<double, std::allocator<double>>, xt::layout_type::row_major, xt::svector<unsigned long, 4, std::allocator<unsigned long>, true>, xt::xtensor_expression_tag>>>::value' was not satisfied [with E1 = const double &, E2 = const Arr &]
build	build	2026-02-05T08:45:51.2391430Z   579 |     inline auto operator<=(E1&& e1, E2&& e2) noexcept -> detail::xfunction_type_t<detail::less_equal, E1, E2>
build	build	2026-02-05T08:45:51.2391780Z       |                 ^
build	build	2026-02-05T08:45:51.2392640Z /Users/runner/work/multiplierless-cpp/multiplierless-cpp/source/lowpass_oracle.cpp:102:9: error: type 'const Arr' (aka 'const xarray_container<uvector<double, std::allocator<double>>, (xt::layout_type)1, svector<unsigned long, 4, std::allocator<unsigned long>, true>>') does not provide a call operator
build	build	2026-02-05T08:45:51.2393510Z   102 |     if (x(0) < 0) {
build	build	2026-02-05T08:45:51.2393650Z       |         ^
build	build	2026-02-05T08:45:51.2394270Z /Users/runner/work/multiplierless-cpp/multiplierless-cpp/source/lowpass_oracle.cpp:103:37: error: no member named 'shape' in 'xt::xarray_container<xt::uvector<double>, xt::layout_type::row_major, xt::svector<unsigned long>>'
build	build	2026-02-05T08:45:51.2395690Z   103 |         Arr g = xt::zeros<double>(x.shape());
build	build	2026-02-05T08:45:51.2396050Z       |                                   ~ ^
build	build	2026-02-05T08:45:51.2396900Z /Users/runner/work/multiplierless-cpp/multiplierless-cpp/source/lowpass_oracle.cpp:104:9: error: type 'Arr' (aka 'xarray_container<uvector<double, std::allocator<double>>, (xt::layout_type)1, svector<unsigned long, 4, std::allocator<unsigned long>, true>>') does not provide a call operator
build	build	2026-02-05T08:45:51.2397760Z   104 |         g(0) = -1.;
build	build	2026-02-05T08:45:51.2397900Z       |         ^
build	build	2026-02-05T08:45:51.2398100Z fatal error: too many errors emitted, stopping now [-ferror-limit=]
build	build	2026-02-05T08:45:51.2398350Z 20 errors generated.
build	build	2026-02-05T08:45:51.2398600Z make[2]: *** [CMakeFiles/Multiplierless.dir/source/lowpass_oracle.cpp.o] Error 1
build	build	2026-02-05T08:45:51.2399080Z In file included from /Users/runner/work/multiplierless-cpp/multiplierless-cpp/source/spectral_fact.cpp:9:
build	build	2026-02-05T08:45:51.2399870Z In file included from /Users/runner/work/multiplierless-cpp/multiplierless-cpp/cpm_modules/xtensor-blas/6d7eef870b1131f41eba68093f8ee6ac7c310bd0/include/xtensor-blas/xlinalg.hpp:20:
build	build	2026-02-05T08:45:51.2400850Z In file included from /Users/runner/work/multiplierless-cpp/multiplierless-cpp/cpm_modules/xtensor/4a957e26c765b48cbec4a4235fe9e518d5a85d3d/include/xtensor/xarray.hpp:19:
build	build	2026-02-05T08:45:51.2401820Z In file included from /Users/runner/work/multiplierless-cpp/multiplierless-cpp/cpm_modules/xtensor/4a957e26c765b48cbec4a4235fe9e518d5a85d3d/include/xtensor/xbuffer_adaptor.hpp:21:
build	build	2026-02-05T08:45:51.2402790Z In file included from /Users/runner/work/multiplierless-cpp/multiplierless-cpp/cpm_modules/xtensor/4a957e26c765b48cbec4a4235fe9e518d5a85d3d/include/xtensor/xstorage.hpp:23:
build	build	2026-02-05T08:45:51.2403750Z In file included from /Users/runner/work/multiplierless-cpp/multiplierless-cpp/cpm_modules/xtensor/4a957e26c765b48cbec4a4235fe9e518d5a85d3d/include/xtensor/xtensor_simd.hpp:17:
build	build	2026-02-05T08:45:51.2404930Z /Users/runner/work/multiplierless-cpp/multiplierless-cpp/cpm_modules/xtensor/4a957e26c765b48cbec4a4235fe9e518d5a85d3d/include/xtensor/xutils.hpp:896:31: error: ambiguous partial specializations of 'rebind_container<long, xt::svector<unsigned long>>'
build	build	2026-02-05T08:45:51.2405810Z   896 |         using type = typename rebind_container<std::ptrdiff_t, S>::type;
build	build	2026-02-05T08:45:51.2406080Z       |                               ^
build	build	2026-02-05T08:45:51.2406880Z /Users/runner/work/multiplierless-cpp/multiplierless-cpp/cpm_modules/xtensor/4a957e26c765b48cbec4a4235fe9e518d5a85d3d/include/xtensor/xutils.hpp:924:5: note: in instantiation of template class 'xt::get_strides_type<xt::svector<unsigned long>>' requested here
build	build	2026-02-05T08:45:51.2407740Z   924 |     using get_strides_t = typename get_strides_type<C>::type;
build	build	2026-02-05T08:45:51.2407980Z       |     ^
build	build	2026-02-05T08:45:51.2408640Z /Users/runner/work/multiplierless-cpp/multiplierless-cpp/cpm_modules/xtensor/4a957e26c765b48cbec4a4235fe9e518d5a85d3d/include/xtensor/xarray.hpp:53:30: note: in instantiation of template type alias 'get_strides_t' requested here
build	build	2026-02-05T08:45:51.2409480Z    53 |         using strides_type = get_strides_t<shape_type>;
build	build	2026-02-05T08:45:51.2409710Z       |                              ^
build	build	2026-02-05T08:45:51.2410740Z /Users/runner/work/multiplierless-cpp/multiplierless-cpp/cpm_modules/xtensor/4a957e26c765b48cbec4a4235fe9e518d5a85d3d/include/xtensor/xcontainer.hpp:36:43: note: in instantiation of template class 'xt::xcontainer_inner_types<xt::xarray_container<xt::uvector<std::complex<float>>, xt::layout_type::row_major, xt::svector<unsigned long>>>' requested here
build	build	2026-02-05T08:45:51.2412220Z    36 |         using inner_shape_type = typename xcontainer_inner_types<D>::inner_shape_type;
build	build	2026-02-05T08:45:51.2412560Z       |                                           ^
build	build	2026-02-05T08:45:51.2413600Z /Users/runner/work/multiplierless-cpp/multiplierless-cpp/cpm_modules/xtensor/4a957e26c765b48cbec4a4235fe9e518d5a85d3d/include/xtensor/xarray.hpp:64:11: note: in instantiation of template class 'xt::xcontainer_iterable_types<xt::xarray_container<xt::uvector<std::complex<float>>, xt::layout_type::row_major, xt::svector<unsigned long>>>' requested here
build	build	2026-02-05T08:45:51.2414840Z    64 |         : xcontainer_iterable_types<xarray_container<EC, L, SC, Tag>>
build	build	2026-02-05T08:45:51.2415090Z       |           ^
build	build	2026-02-05T08:45:51.2416060Z /Users/runner/work/multiplierless-cpp/multiplierless-cpp/cpm_modules/xtensor/4a957e26c765b48cbec4a4235fe9e518d5a85d3d/include/xtensor/xiterable.hpp:43:43: note: in instantiation of template class 'xt::xiterable_inner_types<xt::xarray_container<xt::uvector<std::complex<float>>, xt::layout_type::row_major, xt::svector<unsigned long>>>' requested here
build	build	2026-02-05T08:45:51.2417170Z    43 |         using inner_shape_type = typename iterable_types::inner_shape_type;
build	build	2026-02-05T08:45:51.2417470Z       |                                           ^
build	build	2026-02-05T08:45:51.2418240Z /Users/runner/work/multiplierless-cpp/multiplierless-cpp/cpm_modules/xtensor/4a957e26c765b48cbec4a4235fe9e518d5a85d3d/include/xtensor/xiterable.hpp:151:30: note: (skipping 1 context in backtrace; use -ftemplate-backtrace-limit=0 to see all)
build	build	2026-02-05T08:45:51.2419060Z   151 |     class xiterable : public xconst_iterable<D>
build	build	2026-02-05T08:45:51.2419280Z       |                              ^
build	build	2026-02-05T08:45:51.2420280Z /Users/runner/work/multiplierless-cpp/multiplierless-cpp/cpm_modules/xtensor/4a957e26c765b48cbec4a4235fe9e518d5a85d3d/include/xtensor/xiterable.hpp:311:42: note: in instantiation of template class 'xt::xiterable<xt::xarray_container<xt::uvector<std::complex<float>>, xt::layout_type::row_major, xt::svector<unsigned long>>>' requested here
build	build	2026-02-05T08:45:51.2421310Z   311 |     class xcontiguous_iterable : private xiterable<D>
build	build	2026-02-05T08:45:51.2421550Z       |                                          ^
build	build	2026-02-05T08:45:51.2422740Z /Users/runner/work/multiplierless-cpp/multiplierless-cpp/cpm_modules/xtensor/4a957e26c765b48cbec4a4235fe9e518d5a85d3d/include/xtensor/xcontainer.hpp:71:31: note: in instantiation of template class 'xt::xcontiguous_iterable<xt::xarray_container<xt::uvector<std::complex<float>>, xt::layout_type::row_major, xt::svector<unsigned long>>>' requested here
build	build	2026-02-05T08:45:51.2424420Z    71 |     class xcontainer : public xcontiguous_iterable<D>,
build	build	2026-02-05T08:45:51.2424660Z       |                               ^
build	build	2026-02-05T08:45:51.2425650Z /Users/runner/work/multiplierless-cpp/multiplierless-cpp/cpm_modules/xtensor/4a957e26c765b48cbec4a4235fe9e518d5a85d3d/include/xtensor/xcontainer.hpp:260:39: note: in instantiation of template class 'xt::xcontainer<xt::xarray_container<xt::uvector<std::complex<float>>, xt::layout_type::row_major, xt::svector<unsigned long>>>' requested here
build	build	2026-02-05T08:45:51.2426710Z   260 |     class xstrided_container : public xcontainer<D>
build	build	2026-02-05T08:45:51.2426940Z       |                                       ^
build	build	2026-02-05T08:45:51.2428190Z /Users/runner/work/multiplierless-cpp/multiplierless-cpp/cpm_modules/xtensor/4a957e26c765b48cbec4a4235fe9e518d5a85d3d/include/xtensor/xarray.hpp:82:37: note: in instantiation of template class 'xt::xstrided_container<xt::xarray_container<xt::uvector<std::complex<float>>, xt::layout_type::row_major, xt::svector<unsigned long>>>' requested here
build	build	2026-02-05T08:45:51.2429530Z    82 |     class xarray_container : public xstrided_container<xarray_container<EC, L, SC, Tag>>,
build	build	2026-02-05T08:45:51.2429860Z       |                                     ^
build	build	2026-02-05T08:45:51.2430840Z /Users/runner/work/multiplierless-cpp/multiplierless-cpp/cpm_modules/xtensor-fftw/e0c4db36d496ba46158fb01f06c67c026db6cbb3/include/xtensor-fftw/basic.hpp:511:45: note: in instantiation of template class 'xt::xarray_container<xt::uvector<std::complex<float>>, xt::layout_type::row_major, xt::svector<unsigned long>>' requested here
build	build	2026-02-05T08:45:51.2431960Z   511 |     inline xt::xarray<std::complex<float> > fft (const xt::xarray<std::complex<float> > &input) {
build	build	2026-02-05T08:45:51.2432310Z       |                                             ^
build	build	2026-02-05T08:45:51.2433080Z /Users/runner/work/multiplierless-cpp/multiplierless-cpp/cpm_modules/xtensor/4a957e26c765b48cbec4a4235fe9e518d5a85d3d/include/xtensor/xutils.hpp:883:12: note: partial specialization matches [with X = long, C = xt::svector, T = unsigned long, N = 4]
build	build	2026-02-05T08:45:51.2433940Z   883 |     struct rebind_container<X, C<T, N>>
build	build	2026-02-05T08:45:51.2434130Z       |            ^
build	build	2026-02-05T08:45:51.2434920Z /Users/runner/work/multiplierless-cpp/multiplierless-cpp/cpm_modules/xtensor/4a957e26c765b48cbec4a4235fe9e518d5a85d3d/include/xtensor/xstorage.hpp:1415:12: note: partial specialization matches [with X = long, T = unsigned long, N = 4, A = std::allocator<unsigned long>, B = true]
build	build	2026-02-05T08:45:51.2435800Z  1415 |     struct rebind_container<X, svector<T, N, A, B>>
build	build	2026-02-05T08:45:51.2436010Z       |            ^
build	build	2026-02-05T08:45:51.2436340Z In file included from /Users/runner/work/multiplierless-cpp/multiplierless-cpp/source/spectral_fact.cpp:9:
build	build	2026-02-05T08:45:51.2437170Z In file included from /Users/runner/work/multiplierless-cpp/multiplierless-cpp/cpm_modules/xtensor-blas/6d7eef870b1131f41eba68093f8ee6ac7c310bd0/include/xtensor-blas/xlinalg.hpp:20:
build	build	2026-02-05T08:45:51.2438160Z In file included from /Users/runner/work/multiplierless-cpp/multiplierless-cpp/cpm_modules/xtensor/4a957e26c765b48cbec4a4235fe9e518d5a85d3d/include/xtensor/xarray.hpp:20:
build	build	2026-02-05T08:45:51.2439110Z In file included from /Users/runner/work/multiplierless-cpp/multiplierless-cpp/cpm_modules/xtensor/4a957e26c765b48cbec4a4235fe9e518d5a85d3d/include/xtensor/xcontainer.hpp:23:
build	build	2026-02-05T08:45:51.2440680Z /Users/runner/work/multiplierless-cpp/multiplierless-cpp/cpm_modules/xtensor/4a957e26c765b48cbec4a4235fe9e518d5a85d3d/include/xtensor/xiterable.hpp:45:50: error: no type named 'stepper' in 'xt::xiterable_inner_types<xt::xarray_container<xt::uvector<std::complex<float>>, xt::layout_type::row_major, xt::svector<unsigned long>>>'
build	build	2026-02-05T08:45:51.2441720Z    45 |         using stepper = typename iterable_types::stepper;
build	build	2026-02-05T08:45:51.2442010Z       |                         ~~~~~~~~~~~~~~~~~~~~~~~~~^~~~~~~
build	build	2026-02-05T08:45:51.2443090Z /Users/runner/work/multiplierless-cpp/multiplierless-cpp/cpm_modules/xtensor/4a957e26c765b48cbec4a4235fe9e518d5a85d3d/include/xtensor/xiterable.hpp:151:30: note: in instantiation of template class 'xt::xconst_iterable<xt::xarray_container<xt::uvector<std::complex<float>>, xt::layout_type::row_major, xt::svector<unsigned long>>>' requested here
build	build	2026-02-05T08:45:51.2444130Z   151 |     class xiterable : public xconst_iterable<D>
build	build	2026-02-05T08:45:51.2444340Z       |                              ^
build	build	2026-02-05T08:45:51.2445390Z /Users/runner/work/multiplierless-cpp/multiplierless-cpp/cpm_modules/xtensor/4a957e26c765b48cbec4a4235fe9e518d5a85d3d/include/xtensor/xiterable.hpp:311:42: note: in instantiation of template class 'xt::xiterable<xt::xarray_container<xt::uvector<std::complex<float>>, xt::layout_type::row_major, xt::svector<unsigned long>>>' requested here
build	build	2026-02-05T08:45:51.2446720Z   311 |     class xcontiguous_iterable : private xiterable<D>
build	build	2026-02-05T08:45:51.2446970Z       |                                          ^
build	build	2026-02-05T08:45:51.2448010Z /Users/runner/work/multiplierless-cpp/multiplierless-cpp/cpm_modules/xtensor/4a957e26c765b48cbec4a4235fe9e518d5a85d3d/include/xtensor/xcontainer.hpp:71:31: note: in instantiation of template class 'xt::xcontiguous_iterable<xt::xarray_container<xt::uvector<std::complex<float>>, xt::layout_type::row_major, xt::svector<unsigned long>>>' requested here
build	build	2026-02-05T08:45:51.2449090Z    71 |     class xcontainer : public xcontiguous_iterable<D>,
build	build	2026-02-05T08:45:51.2449310Z       |                               ^
build	build	2026-02-05T08:45:51.2450310Z /Users/runner/work/multiplierless-cpp/multiplierless-cpp/cpm_modules/xtensor/4a957e26c765b48cbec4a4235fe9e518d5a85d3d/include/xtensor/xcontainer.hpp:260:39: note: in instantiation of template class 'xt::xcontainer<xt::xarray_container<xt::uvector<std::complex<float>>, xt::layout_type::row_major, xt::svector<unsigned long>>>' requested here
build	build	2026-02-05T08:45:51.2451390Z   260 |     class xstrided_container : public xcontainer<D>
build	build	2026-02-05T08:45:51.2451960Z       |                                       ^
build	build	2026-02-05T08:45:51.2453050Z /Users/runner/work/multiplierless-cpp/multiplierless-cpp/cpm_modules/xtensor/4a957e26c765b48cbec4a4235fe9e518d5a85d3d/include/xtensor/xarray.hpp:82:37: note: in instantiation of template class 'xt::xstrided_container<xt::xarray_container<xt::uvector<std::complex<float>>, xt::layout_type::row_major, xt::svector<unsigned long>>>' requested here
build	build	2026-02-05T08:45:51.2454230Z    82 |     class xarray_container : public xstrided_container<xarray_container<EC, L, SC, Tag>>,
build	build	2026-02-05T08:45:51.2454560Z       |                                     ^
build	build	2026-02-05T08:45:51.2455540Z /Users/runner/work/multiplierless-cpp/multiplierless-cpp/cpm_modules/xtensor-fftw/e0c4db36d496ba46158fb01f06c67c026db6cbb3/include/xtensor-fftw/basic.hpp:511:45: note: in instantiation of template class 'xt::xarray_container<xt::uvector<std::complex<float>>, xt::layout_type::row_major, xt::svector<unsigned long>>' requested here
build	build	2026-02-05T08:45:51.2456720Z   511 |     inline xt::xarray<std::complex<float> > fft (const xt::xarray<std::complex<float> > &input) {
build	build	2026-02-05T08:45:51.2457080Z       |                                             ^
build	build	2026-02-05T08:45:51.2457470Z In file included from /Users/runner/work/multiplierless-cpp/multiplierless-cpp/source/spectral_fact.cpp:9:
build	build	2026-02-05T08:45:51.2458290Z In file included from /Users/runner/work/multiplierless-cpp/multiplierless-cpp/cpm_modules/xtensor-blas/6d7eef870b1131f41eba68093f8ee6ac7c310bd0/include/xtensor-blas/xlinalg.hpp:20:
build	build	2026-02-05T08:45:51.2459280Z In file included from /Users/runner/work/multiplierless-cpp/multiplierless-cpp/cpm_modules/xtensor/4a957e26c765b48cbec4a4235fe9e518d5a85d3d/include/xtensor/xarray.hpp:20:
build	build	2026-02-05T08:45:51.2460250Z In file included from /Users/runner/work/multiplierless-cpp/multiplierless-cpp/cpm_modules/xtensor/4a957e26c765b48cbec4a4235fe9e518d5a85d3d/include/xtensor/xcontainer.hpp:23:
build	build	2026-02-05T08:45:51.2461630Z /Users/runner/work/multiplierless-cpp/multiplierless-cpp/cpm_modules/xtensor/4a957e26c765b48cbec4a4235fe9e518d5a85d3d/include/xtensor/xiterable.hpp:46:56: error: no type named 'const_stepper' in 'xt::xiterable_inner_types<xt::xarray_container<xt::uvector<std::complex<float>>, xt::layout_type::row_major, xt::svector<unsigned long>>>'
build	build	2026-02-05T08:45:51.2462720Z    46 |         using const_stepper = typename iterable_types::const_stepper;
build	build	2026-02-05T08:45:51.2463010Z       |                               ~~~~~~~~~~~~~~~~~~~~~~~~~^~~~~~~~~~~~~
build	build	2026-02-05T08:45:51.2463410Z In file included from /Users/runner/work/multiplierless-cpp/multiplierless-cpp/source/spectral_fact.cpp:9:
build	build	2026-02-05T08:45:51.2464210Z In file included from /Users/runner/work/multiplierless-cpp/multiplierless-cpp/cpm_modules/xtensor-blas/6d7eef870b1131f41eba68093f8ee6ac7c310bd0/include/xtensor-blas/xlinalg.hpp:20:
build	build	2026-02-05T08:45:51.2465300Z In file included from /Users/runner/work/multiplierless-cpp/multiplierless-cpp/cpm_modules/xtensor/4a957e26c765b48cbec4a4235fe9e518d5a85d3d/include/xtensor/xarray.hpp:20:
build	build	2026-02-05T08:45:51.2466770Z /Users/runner/work/multiplierless-cpp/multiplierless-cpp/cpm_modules/xtensor/4a957e26c765b48cbec4a4235fe9e518d5a85d3d/include/xtensor/xcontainer.hpp:140:15: error: using declaration refers into 'accessible_base::', which is not a base class of 'xcontainer<xt::xarray_container<xt::uvector<std::complex<float>>, xt::layout_type::row_major, xt::svector<unsigned long>>>'
build	build	2026-02-05T08:45:51.2467880Z   140 |         using accessible_base::at;
build	build	2026-02-05T08:45:51.2468070Z       |               ^~~~~~~~~~~~~~~~~
build	build	2026-02-05T08:45:51.2469060Z /Users/runner/work/multiplierless-cpp/multiplierless-cpp/cpm_modules/xtensor/4a957e26c765b48cbec4a4235fe9e518d5a85d3d/include/xtensor/xcontainer.hpp:260:39: note: in instantiation of template class 'xt::xcontainer<xt::xarray_container<xt::uvector<std::complex<float>>, xt::layout_type::row_major, xt::svector<unsigned long>>>' requested here
build	build	2026-02-05T08:45:51.2470140Z   260 |     class xstrided_container : public xcontainer<D>
build	build	2026-02-05T08:45:51.2470470Z       |                                       ^
build	build	2026-02-05T08:45:51.2471600Z /Users/runner/work/multiplierless-cpp/multiplierless-cpp/cpm_modules/xtensor/4a957e26c765b48cbec4a4235fe9e518d5a85d3d/include/xtensor/xarray.hpp:82:37: note: in instantiation of template class 'xt::xstrided_container<xt::xarray_container<xt::uvector<std::complex<float>>, xt::layout_type::row_major, xt::svector<unsigned long>>>' requested here
build	build	2026-02-05T08:45:51.2472790Z    82 |     class xarray_container : public xstrided_container<xarray_container<EC, L, SC, Tag>>,
build	build	2026-02-05T08:45:51.2473130Z       |                                     ^
build	build	2026-02-05T08:45:51.2474120Z /Users/runner/work/multiplierless-cpp/multiplierless-cpp/cpm_modules/xtensor-fftw/e0c4db36d496ba46158fb01f06c67c026db6cbb3/include/xtensor-fftw/basic.hpp:511:45: note: in instantiation of template class 'xt::xarray_container<xt::uvector<std::complex<float>>, xt::layout_type::row_major, xt::svector<unsigned long>>' requested here
build	build	2026-02-05T08:45:51.2476700Z   511 |     inline xt::xarray<std::complex<float> > fft (const xt::xarray<std::complex<float> > &input) {
build	build	2026-02-05T08:45:51.2477710Z       |                                             ^
build	build	2026-02-05T08:45:51.2478760Z In file included from /Users/runner/work/multiplierless-cpp/multiplierless-cpp/source/spectral_fact.cpp:9:
build	build	2026-02-05T08:45:51.2480930Z In file included from /Users/runner/work/multiplierless-cpp/multiplierless-cpp/cpm_modules/xtensor-blas/6d7eef870b1131f41eba68093f8ee6ac7c310bd0/include/xtensor-blas/xlinalg.hpp:20:
build	build	2026-02-05T08:45:51.2483620Z In file included from /Users/runner/work/multiplierless-cpp/multiplierless-cpp/cpm_modules/xtensor/4a957e26c765b48cbec4a4235fe9e518d5a85d3d/include/xtensor/xarray.hpp:20:
build	build	2026-02-05T08:45:51.2486240Z /Users/runner/work/multiplierless-cpp/multiplierless-cpp/cpm_modules/xtensor/4a957e26c765b48cbec4a4235fe9e518d5a85d3d/include/xtensor/xcontainer.hpp:141:15: error: using declaration refers into 'accessible_base::', which is not a base class of 'xcontainer<xt::xarray_container<xt::uvector<std::complex<float>>, xt::layout_type::row_major, xt::svector<unsigned long>>>'
build	build	2026-02-05T08:45:51.2487410Z   141 |         using accessible_base::shape;
build	build	2026-02-05T08:45:51.2487610Z       |               ^~~~~~~~~~~~~~~~~
build	build	2026-02-05T08:45:51.2488720Z /Users/runner/work/multiplierless-cpp/multiplierless-cpp/cpm_modules/xtensor/4a957e26c765b48cbec4a4235fe9e518d5a85d3d/include/xtensor/xcontainer.hpp:142:15: error: using declaration refers into 'accessible_base::', which is not a base class of 'xcontainer<xt::xarray_container<xt::uvector<std::complex<float>>, xt::layout_type::row_major, xt::svector<unsigned long>>>'
build	build	2026-02-05T08:45:51.2489850Z   142 |         using accessible_base::operator[];
build	build	2026-02-05T08:45:51.2490850Z       |               ^~~~~~~~~~~~~~~~~
build	build	2026-02-05T08:45:51.2495010Z /Users/runner/work/multiplierless-cpp/multiplierless-cpp/cpm_modules/xtensor/4a957e26c765b48cbec4a4235fe9e518d5a85d3d/include/xtensor/xcontainer.hpp:143:15: error: using declaration refers into 'accessible_base::', which is not a base class of 'xcontainer<xt::xarray_container<xt::uvector<std::complex<float>>, xt::layout_type::row_major, xt::svector<unsigned long>>>'
build	build	2026-02-05T08:45:51.2498230Z   143 |         using accessible_base::back;
build	build	2026-02-05T08:45:51.2498780Z       |               ^~~~~~~~~~~~~~~~~
build	build	2026-02-05T08:45:51.2501780Z /Users/runner/work/multiplierless-cpp/multiplierless-cpp/cpm_modules/xtensor/4a957e26c765b48cbec4a4235fe9e518d5a85d3d/include/xtensor/xcontainer.hpp:144:15: error: using declaration refers into 'accessible_base::', which is not a base class of 'xcontainer<xt::xarray_container<xt::uvector<std::complex<float>>, xt::layout_type::row_major, xt::svector<unsigned long>>>'
build	build	2026-02-05T08:45:51.2504870Z   144 |         using accessible_base::front;
build	build	2026-02-05T08:45:51.2505410Z       |               ^~~~~~~~~~~~~~~~~
build	build	2026-02-05T08:45:51.2508380Z /Users/runner/work/multiplierless-cpp/multiplierless-cpp/cpm_modules/xtensor/4a957e26c765b48cbec4a4235fe9e518d5a85d3d/include/xtensor/xcontainer.hpp:145:15: error: using declaration refers into 'accessible_base::', which is not a base class of 'xcontainer<xt::xarray_container<xt::uvector<std::complex<float>>, xt::layout_type::row_major, xt::svector<unsigned long>>>'
build	build	2026-02-05T08:45:51.2512470Z   145 |         using accessible_base::in_bounds;
build	build	2026-02-05T08:45:51.2513050Z       |               ^~~~~~~~~~~~~~~~~
build	build	2026-02-05T08:45:51.2515350Z /Users/runner/work/multiplierless-cpp/multiplierless-cpp/cpm_modules/xtensor/4a957e26c765b48cbec4a4235fe9e518d5a85d3d/include/xtensor/xcontainer.hpp:146:15: error: using declaration refers into 'accessible_base::', which is not a base class of 'xcontainer<xt::xarray_container<xt::uvector<std::complex<float>>, xt::layout_type::row_major, xt::svector<unsigned long>>>'
build	build	2026-02-05T08:45:51.2516600Z   146 |         using accessible_base::periodic;
build	build	2026-02-05T08:45:51.2516810Z       |               ^~~~~~~~~~~~~~~~~
build	build	2026-02-05T08:45:51.2517200Z In file included from /Users/runner/work/multiplierless-cpp/multiplierless-cpp/source/spectral_fact.cpp:9:
build	build	2026-02-05T08:45:51.2518010Z In file included from /Users/runner/work/multiplierless-cpp/multiplierless-cpp/cpm_modules/xtensor-blas/6d7eef870b1131f41eba68093f8ee6ac7c310bd0/include/xtensor-blas/xlinalg.hpp:20:
build	build	2026-02-05T08:45:51.2519650Z /Users/runner/work/multiplierless-cpp/multiplierless-cpp/cpm_modules/xtensor/4a957e26c765b48cbec4a4235fe9e518d5a85d3d/include/xtensor/xarray.hpp:93:52: error: no type named 'allocator_type' in 'xt::xstrided_container<xt::xarray_container<xt::uvector<std::complex<float>>, xt::layout_type::row_major, xt::svector<unsigned long>>>'
build	build	2026-02-05T08:45:51.2521690Z    93 |         using allocator_type = typename base_type::allocator_type;
build	build	2026-02-05T08:45:51.2522670Z       |                                ~~~~~~~~~~~~~~~~~~~~^~~~~~~~~~~~~~
build	build	2026-02-05T08:45:51.2525670Z /Users/runner/work/multiplierless-cpp/multiplierless-cpp/cpm_modules/xtensor-fftw/e0c4db36d496ba46158fb01f06c67c026db6cbb3/include/xtensor-fftw/basic.hpp:511:45: note: in instantiation of template class 'xt::xarray_container<xt::uvector<std::complex<float>>, xt::layout_type::row_major, xt::svector<unsigned long>>' requested here
build	build	2026-02-05T08:45:51.2528900Z   511 |     inline xt::xarray<std::complex<float> > fft (const xt::xarray<std::complex<float> > &input) {
build	build	2026-02-05T08:45:51.2529850Z       |                                             ^
build	build	2026-02-05T08:45:51.2530860Z In file included from /Users/runner/work/multiplierless-cpp/multiplierless-cpp/source/spectral_fact.cpp:9:
build	build	2026-02-05T08:45:51.2532780Z In file included from /Users/runner/work/multiplierless-cpp/multiplierless-cpp/cpm_modules/xtensor-blas/6d7eef870b1131f41eba68093f8ee6ac7c310bd0/include/xtensor-blas/xlinalg.hpp:20:
build	build	2026-02-05T08:45:51.2534270Z /Users/runner/work/multiplierless-cpp/multiplierless-cpp/cpm_modules/xtensor/4a957e26c765b48cbec4a4235fe9e518d5a85d3d/include/xtensor/xarray.hpp:102:54: error: no type named 'backstrides_type' in 'xt::xstrided_container<xt::xarray_container<xt::uvector<std::complex<float>>, xt::layout_type::row_major, xt::svector<unsigned long>>>'
build	build	2026-02-05T08:45:51.2535690Z   102 |         using backstrides_type = typename base_type::backstrides_type;
build	build	2026-02-05T08:45:51.2536020Z       |                                  ~~~~~~~~~~~~~~~~~~~~^~~~~~~~~~~~~~~~
build	build	2026-02-05T08:45:51.2536440Z In file included from /Users/runner/work/multiplierless-cpp/multiplierless-cpp/source/spectral_fact.cpp:9:
build	build	2026-02-05T08:45:51.2537480Z /Users/runner/work/multiplierless-cpp/multiplierless-cpp/cpm_modules/xtensor-blas/6d7eef870b1131f41eba68093f8ee6ac7c310bd0/include/xtensor-blas/xlinalg.hpp:909:78: error: member reference base type 'const inner_strides_type' (aka 'const int') is not a structure or union
build	build	2026-02-05T08:45:51.2538450Z   909 |                 blas_index_t a_stride = static_cast<blas_index_t>(t.strides().back());
build	build	2026-02-05T08:45:51.2538790Z       |                                                                   ~~~~~~~~~~~^~~~~
build	build	2026-02-05T08:45:51.2540060Z /Users/runner/work/multiplierless-cpp/multiplierless-cpp/source/spectral_fact.cpp:75:25: note: in instantiation of function template specialization 'xt::linalg::dot<xt::xarray_container<xt::uvector<double>, xt::layout_type::row_major, xt::svector<unsigned long>>, xt::xarray_container<xt::uvector<double>, xt::layout_type::row_major, xt::svector<unsigned long>>>' requested here
build	build	2026-02-05T08:45:51.2541160Z    75 |     Arr R = xt::linalg::dot(A, r);  // NOQA
build	build	2026-02-05T08:45:51.2541360Z       |                         ^
build	build	2026-02-05T08:45:51.2541720Z In file included from /Users/runner/work/multiplierless-cpp/multiplierless-cpp/source/spectral_fact.cpp:9:
build	build	2026-02-05T08:45:51.2542640Z /Users/runner/work/multiplierless-cpp/multiplierless-cpp/cpm_modules/xtensor-blas/6d7eef870b1131f41eba68093f8ee6ac7c310bd0/include/xtensor-blas/xlinalg.hpp:910:67: error: subscripted value is not an array, pointer, or vector
build	build	2026-02-05T08:45:51.2543480Z   910 |                 blas_index_t b_stride = static_cast<blas_index_t>(o.strides()[match_dim]);
build	build	2026-02-05T08:45:51.2543830Z       |                                                                   ^~~~~~~~~~~ ~~~~~~~~~
build	build	2026-02-05T08:45:51.2544260Z In file included from /Users/runner/work/multiplierless-cpp/multiplierless-cpp/source/spectral_fact.cpp:10:
build	build	2026-02-05T08:45:51.2545370Z /Users/runner/work/multiplierless-cpp/multiplierless-cpp/cpm_modules/xtensor-fftw/e0c4db36d496ba46158fb01f06c67c026db6cbb3/include/xtensor-fftw/basic.hpp:369:34: error: no member named 'shape' in 'xt::xarray_container<xt::uvector<std::complex<float>>, xt::layout_type::row_major, xt::svector<unsigned long>>'
build	build	2026-02-05T08:45:51.2546600Z   369 |       bool odd_last_dim = (input.shape()[input.shape().size()-1] % 2 != 0);
build	build	2026-02-05T08:45:51.2546890Z       |                            ~~~~~ ^
build	build	2026-02-05T08:45:51.2548020Z /Users/runner/work/multiplierless-cpp/multiplierless-cpp/cpm_modules/xtensor-fftw/e0c4db36d496ba46158fb01f06c67c026db6cbb3/include/xtensor-fftw/basic.hpp:512:14: note: in instantiation of function template specialization 'xt::fftw::_fft_<std::complex<float>, std::complex<float>, 1UL, -1, true, false, false, fftwf_plan_dft_1d, fftwf_execute, fftwf_destroy_plan, void>' requested here
build	build	2026-02-05T08:45:51.2549450Z   512 |       return _fft_<std::complex<float>, std::complex<float>, 1, FFTW_FORWARD, true, false, false, fftwf_plan_dft_1d, fftwf_execute, fftwf_destroy_plan> (input);
build	build	2026-02-05T08:45:51.2549950Z       |              ^
build	build	2026-02-05T08:45:51.2550840Z /Users/runner/work/multiplierless-cpp/multiplierless-cpp/cpm_modules/xtensor-fftw/e0c4db36d496ba46158fb01f06c67c026db6cbb3/include/xtensor-fftw/basic.hpp:173:33: error: no member named 'shape' in 'xt::xarray_container<xt::uvector<std::complex<float>>, xt::layout_type::row_major, xt::svector<unsigned long>>'
build	build	2026-02-05T08:45:51.2551790Z   173 |       auto output_shape = input.shape();
build	build	2026-02-05T08:45:51.2552270Z       |                           ~~~~~ ^
build	build	2026-02-05T08:45:51.2553160Z /Users/runner/work/multiplierless-cpp/multiplierless-cpp/cpm_modules/xtensor-fftw/e0c4db36d496ba46158fb01f06c67c026db6cbb3/include/xtensor-fftw/basic.hpp:366:27: note: in instantiation of function template specialization 'xt::fftw::output_shape_from_input<std::complex<float>>' requested here
build	build	2026-02-05T08:45:51.2554230Z   366 |       auto output_shape = output_shape_from_input(input, half_plus_one_out, half_plus_one_in, false);
build	build	2026-02-05T08:45:51.2554580Z       |                           ^
build	build	2026-02-05T08:45:51.2555680Z /Users/runner/work/multiplierless-cpp/multiplierless-cpp/cpm_modules/xtensor-fftw/e0c4db36d496ba46158fb01f06c67c026db6cbb3/include/xtensor-fftw/basic.hpp:512:14: note: in instantiation of function template specialization 'xt::fftw::_fft_<std::complex<float>, std::complex<float>, 1UL, -1, true, false, false, fftwf_plan_dft_1d, fftwf_execute, fftwf_destroy_plan, void>' requested here
build	build	2026-02-05T08:45:51.2557100Z   512 |       return _fft_<std::complex<float>, std::complex<float>, 1, FFTW_FORWARD, true, false, false, fftwf_plan_dft_1d, fftwf_execute, fftwf_destroy_plan> (input);
build	build	2026-02-05T08:45:51.2557710Z       |              ^
build	build	2026-02-05T08:45:51.2558780Z In file included from /Users/runner/work/multiplierless-cpp/multiplierless-cpp/source/spectral_fact.cpp:9:
build	build	2026-02-05T08:45:51.2561130Z In file included from /Users/runner/work/multiplierless-cpp/multiplierless-cpp/cpm_modules/xtensor-blas/6d7eef870b1131f41eba68093f8ee6ac7c310bd0/include/xtensor-blas/xlinalg.hpp:20:
build	build	2026-02-05T08:45:51.2563910Z /Users/runner/work/multiplierless-cpp/multiplierless-cpp/cpm_modules/xtensor/4a957e26c765b48cbec4a4235fe9e518d5a85d3d/include/xtensor/xarray.hpp:295:11: error: type 'base_type' (aka 'xstrided_container<xarray_container<xt::uvector<std::complex<float>, std::allocator<std::complex<float>>>, (xt::layout_type)1, xt::svector<unsigned long, 4, std::allocator<unsigned long>, true>, xt::xtensor_expression_tag>>') is not a direct or virtual base of 'xt::xarray_container<xt::uvector<std::complex<float>>, xt::layout_type::row_major, xt::svector<unsigned long>>'
build	build	2026-02-05T08:45:51.2565620Z   295 |         : base_type()
build	build	2026-02-05T08:45:51.2565780Z       |           ^~~~~~~~~
build	build	2026-02-05T08:45:51.2566780Z /Users/runner/work/multiplierless-cpp/multiplierless-cpp/cpm_modules/xtensor-fftw/e0c4db36d496ba46158fb01f06c67c026db6cbb3/include/xtensor-fftw/basic.hpp:367:52: note: in instantiation of member function 'xt::xarray_container<xt::uvector<std::complex<float>>, xt::layout_type::row_major, xt::svector<unsigned long>>::xarray_container' requested here
build	build	2026-02-05T08:45:51.2567890Z   367 |       xt::xarray<output_t, layout_type::row_major> output(output_shape);
build	build	2026-02-05T08:45:51.2568180Z       |                                                    ^
build	build	2026-02-05T08:45:51.2569310Z /Users/runner/work/multiplierless-cpp/multiplierless-cpp/cpm_modules/xtensor-fftw/e0c4db36d496ba46158fb01f06c67c026db6cbb3/include/xtensor-fftw/basic.hpp:512:14: note: in instantiation of function template specialization 'xt::fftw::_fft_<std::complex<float>, std::complex<float>, 1UL, -1, true, false, false, fftwf_plan_dft_1d, fftwf_execute, fftwf_destroy_plan, void>' requested here
build	build	2026-02-05T08:45:51.2570740Z   512 |       return _fft_<std::complex<float>, std::complex<float>, 1, FFTW_FORWARD, true, false, false, fftwf_plan_dft_1d, fftwf_execute, fftwf_destroy_plan> (input);
build	build	2026-02-05T08:45:51.2571230Z       |              ^
build	build	2026-02-05T08:45:51.2571560Z In file included from /Users/runner/work/multiplierless-cpp/multiplierless-cpp/source/spectral_fact.cpp:9:
build	build	2026-02-05T08:45:51.2572360Z In file included from /Users/runner/work/multiplierless-cpp/multiplierless-cpp/cpm_modules/xtensor-blas/6d7eef870b1131f41eba68093f8ee6ac7c310bd0/include/xtensor-blas/xlinalg.hpp:20:
build	build	2026-02-05T08:45:51.2573480Z /Users/runner/work/multiplierless-cpp/multiplierless-cpp/cpm_modules/xtensor/4a957e26c765b48cbec4a4235fe9e518d5a85d3d/include/xtensor/xarray.hpp:297:20: error: call to non-static member function without an object argument
build	build	2026-02-05T08:45:51.2574410Z   297 |         base_type::resize(shape, l);
build	build	2026-02-05T08:45:51.2574610Z       |         ~~~~~~~~~~~^~~~~~
build	build	2026-02-05T08:45:51.2574960Z In file included from /Users/runner/work/multiplierless-cpp/multiplierless-cpp/source/spectral_fact.cpp:10:
build	build	2026-02-05T08:45:51.2576510Z /Users/runner/work/multiplierless-cpp/multiplierless-cpp/cpm_modules/xtensor-fftw/e0c4db36d496ba46158fb01f06c67c026db6cbb3/include/xtensor-fftw/basic.hpp:394:52: error: no matching constructor for initialization of 'xt::xarray<complex<float>, layout_type::row_major>' (aka 'xarray_container<uvector<std::complex<float>, std::allocator<std::complex<float>>>, (xt::layout_type)1, svector<unsigned long, 4, std::allocator<unsigned long>, true>>')
build	build	2026-02-05T08:45:51.2577870Z   394 |       xt::xarray<output_t, layout_type::row_major> output(output_shape);
build	build	2026-02-05T08:45:51.2578160Z       |                                                    ^      ~~~~~~~~~~~~
build	build	2026-02-05T08:45:51.2579320Z /Users/runner/work/multiplierless-cpp/multiplierless-cpp/cpm_modules/xtensor-fftw/e0c4db36d496ba46158fb01f06c67c026db6cbb3/include/xtensor-fftw/basic.hpp:516:14: note: in instantiation of function template specialization 'xt::fftw::_ifft_<std::complex<float>, std::complex<float>, 1UL, 1, true, false, false, fftwf_plan_dft_1d, fftwf_execute, fftwf_destroy_plan, void>' requested here
build	build	2026-02-05T08:45:51.2580850Z   516 |       return _ifft_<std::complex<float>, std::complex<float>, 1, FFTW_BACKWARD, true, false, false, fftwf_plan_dft_1d, fftwf_execute, fftwf_destroy_plan> (input);
build	build	2026-02-05T08:45:51.2581340Z       |              ^
build	build	2026-02-05T08:45:51.2582460Z /Users/runner/work/multiplierless-cpp/multiplierless-cpp/cpm_modules/xtensor/4a957e26c765b48cbec4a4235fe9e518d5a85d3d/include/xtensor/xarray.hpp:116:9: note: candidate constructor not viable: no known conversion from 'typename xt::xarray<complex<float>, xt::layout_type::row_major>::shape_type' (aka 'xt::svector<unsigned long>') to 'const value_type' (aka 'const std::complex<float>') for 1st argument
build	build	2026-02-05T08:45:51.2583690Z   116 |         xarray_container(const value_type& t);
build	build	2026-02-05T08:45:51.2583920Z       |         ^                ~~~~~~~~~~~~~~~~~~~
build	build	2026-02-05T08:45:51.2585180Z /Users/runner/work/multiplierless-cpp/multiplierless-cpp/cpm_modules/xtensor/4a957e26c765b48cbec4a4235fe9e518d5a85d3d/include/xtensor/xarray.hpp:117:9: note: candidate constructor not viable: no known conversion from 'typename xt::xarray<complex<float>, xt::layout_type::row_major>::shape_type' (aka 'xt::svector<unsigned long>') to 'nested_initializer_list_t<value_type, 1>' (aka 'initializer_list<std::complex<float>>') for 1st argument
build	build	2026-02-05T08:45:51.2586510Z   117 |         xarray_container(nested_initializer_list_t<value_type, 1> t);
build	build	2026-02-05T08:45:51.2586810Z       |         ^                ~~~~~~~~~~~~~~~~~~~~~~~~~~~~~~~~~~~~~~~~~~
build	build	2026-02-05T08:45:51.2588130Z /Users/runner/work/multiplierless-cpp/multiplierless-cpp/cpm_modules/xtensor/4a957e26c765b48cbec4a4235fe9e518d5a85d3d/include/xtensor/xarray.hpp:118:9: note: candidate constructor not viable: no known conversion from 'typename xt::xarray<complex<float>, xt::layout_type::row_major>::shape_type' (aka 'xt::svector<unsigned long>') to 'nested_initializer_list_t<value_type, 2>' (aka 'initializer_list<initializer_list<std::complex<float>>>') for 1st argument
build	build	2026-02-05T08:45:51.2589520Z   118 |         xarray_container(nested_initializer_list_t<value_type, 2> t);
build	build	2026-02-05T08:45:51.2589820Z       |         ^                ~~~~~~~~~~~~~~~~~~~~~~~~~~~~~~~~~~~~~~~~~~
build	build	2026-02-05T08:45:51.2591200Z /Users/runner/work/multiplierless-cpp/multiplierless-cpp/cpm_modules/xtensor/4a957e26c765b48cbec4a4235fe9e518d5a85d3d/include/xtensor/xarray.hpp:119:9: note: candidate constructor not viable: no known conversion from 'typename xt::xarray<complex<float>, xt::layout_type::row_major>::shape_type' (aka 'xt::svector<unsigned long>') to 'nested_initializer_list_t<value_type, 3>' (aka 'initializer_list<initializer_list<initializer_list<std::complex<float>>>>') for 1st argument
build	build	2026-02-05T08:45:51.2592770Z   119 |         xarray_container(nested_initializer_list_t<value_type, 3> t);
build	build	2026-02-05T08:45:51.2593080Z       |         ^                ~~~~~~~~~~~~~~~~~~~~~~~~~~~~~~~~~~~~~~~~~~
build	build	2026-02-05T08:45:51.2594520Z /Users/runner/work/multiplierless-cpp/multiplierless-cpp/cpm_modules/xtensor/4a957e26c765b48cbec4a4235fe9e518d5a85d3d/include/xtensor/xarray.hpp:120:9: note: candidate constructor not viable: no known conversion from 'typename xt::xarray<complex<float>, xt::layout_type::row_major>::shape_type' (aka 'xt::svector<unsigned long>') to 'nested_initializer_list_t<value_type, 4>' (aka 'initializer_list<initializer_list<initializer_list<initializer_list<std::complex<float>>>>>') for 1st argument
build	build	2026-02-05T08:45:51.2596000Z   120 |         xarray_container(nested_initializer_list_t<value_type, 4> t);
build	build	2026-02-05T08:45:51.2596290Z       |         ^                ~~~~~~~~~~~~~~~~~~~~~~~~~~~~~~~~~~~~~~~~~~
build	build	2026-02-05T08:45:51.2597770Z /Users/runner/work/multiplierless-cpp/multiplierless-cpp/cpm_modules/xtensor/4a957e26c765b48cbec4a4235fe9e518d5a85d3d/include/xtensor/xarray.hpp:121:9: note: candidate constructor not viable: no known conversion from 'typename xt::xarray<complex<float>, xt::layout_type::row_major>::shape_type' (aka 'xt::svector<unsigned long>') to 'nested_initializer_list_t<value_type, 5>' (aka 'initializer_list<initializer_list<initializer_list<initializer_list<initializer_list<std::complex<float>>>>>>') for 1st argument
build	build	2026-02-05T08:45:51.2599400Z   121 |         xarray_container(nested_initializer_list_t<value_type, 5> t);
build	build	2026-02-05T08:45:51.2599690Z       |         ^                ~~~~~~~~~~~~~~~~~~~~~~~~~~~~~~~~~~~~~~~~~~
build	build	2026-02-05T08:45:51.2601000Z /Users/runner/work/multiplierless-cpp/multiplierless-cpp/cpm_modules/xtensor/4a957e26c765b48cbec4a4235fe9e518d5a85d3d/include/xtensor/xarray.hpp:128:9: note: candidate constructor not viable: no known conversion from 'typename xt::xarray<complex<float>, xt::layout_type::row_major>::shape_type' (aka 'xt::svector<unsigned long>') to 'const xarray_container<uvector<complex<float>>, xt::layout_type::row_major, svector<unsigned long>>' for 1st argument
build	build	2026-02-05T08:45:51.2602360Z   128 |         xarray_container(const xarray_container&) = default;
build	build	2026-02-05T08:45:51.2602610Z       |         ^                ~~~~~~~~~~~~~~~~~~~~~~~
build	build	2026-02-05T08:45:51.2603890Z /Users/runner/work/multiplierless-cpp/multiplierless-cpp/cpm_modules/xtensor/4a957e26c765b48cbec4a4235fe9e518d5a85d3d/include/xtensor/xarray.hpp:131:9: note: candidate constructor not viable: no known conversion from 'typename xt::xarray<complex<float>, xt::layout_type::row_major>::shape_type' (aka 'xt::svector<unsigned long>') to 'xarray_container<uvector<complex<float>>, xt::layout_type::row_major, svector<unsigned long>>' for 1st argument
build	build	2026-02-05T08:45:51.2605290Z   131 |         xarray_container(xarray_container&&) = default;
build	build	2026-02-05T08:45:51.2605540Z       |         ^                ~~~~~~~~~~~~~~~~~~
build	build	2026-02-05T08:45:51.2606320Z /Users/runner/work/multiplierless-cpp/multiplierless-cpp/cpm_modules/xtensor/4a957e26c765b48cbec4a4235fe9e518d5a85d3d/include/xtensor/xarray.hpp:135:18: note: candidate template ignored: could not match 'xtensor_container' against 'xt::svector'
build	build	2026-02-05T08:45:51.2607180Z   135 |         explicit xarray_container(xtensor_container<EC, N, L, Tag>&& rhs);
build	build	2026-02-05T08:45:51.2607450Z       |                  ^
build	build	2026-02-05T08:45:51.2608170Z /Users/runner/work/multiplierless-cpp/multiplierless-cpp/cpm_modules/xtensor/4a957e26c765b48cbec4a4235fe9e518d5a85d3d/include/xtensor/xarray.hpp:140:9: note: candidate template ignored: could not match 'xexpression' against 'xt::svector'
build	build	2026-02-05T08:45:51.2608950Z   140 |         xarray_container(const xexpression<E>& e);
build	build	2026-02-05T08:45:51.2609150Z       |         ^
build	build	2026-02-05T08:45:51.2609820Z /Users/runner/work/multiplierless-cpp/multiplierless-cpp/cpm_modules/xtensor/4a957e26c765b48cbec4a4235fe9e518d5a85d3d/include/xtensor/xarray.hpp:109:9: note: candidate constructor not viable: requires 0 arguments, but 1 was provided
build	build	2026-02-05T08:45:51.2610680Z   109 |         xarray_container();
build	build	2026-02-05T08:45:51.2610850Z       |         ^
build	build	2026-02-05T08:45:51.2611520Z /Users/runner/work/multiplierless-cpp/multiplierless-cpp/cpm_modules/xtensor/4a957e26c765b48cbec4a4235fe9e518d5a85d3d/include/xtensor/xarray.hpp:112:18: note: candidate constructor not viable: requires 2 arguments, but 1 was provided
build	build	2026-02-05T08:45:51.2612380Z   112 |         explicit xarray_container(const shape_type& shape, const strides_type& strides);
build	build	2026-02-05T08:45:51.2612750Z       |                  ^                ~~~~~~~~~~~~~~~~~~~~~~~~~~~~~~~~~~~~~~~~~~~~~~~~~~~~
build	build	2026-02-05T08:45:51.2613560Z /Users/runner/work/multiplierless-cpp/multiplierless-cpp/cpm_modules/xtensor/4a957e26c765b48cbec4a4235fe9e518d5a85d3d/include/xtensor/xarray.hpp:111:18: note: candidate constructor not viable: requires at least 2 arguments, but 1 was provided
build	build	2026-02-05T08:45:51.2614560Z   111 |         explicit xarray_container(const shape_type& shape, const_reference value, layout_type l = L);
build	build	2026-02-05T08:45:51.2615100Z       |                  ^                ~~~~~~~~~~~~~~~~~~~~~~~~~~~~~~~~~~~~~~~~~~~~~~~~~~~~~~~~~~~~~~~~~
build	build	2026-02-05T08:45:51.2616100Z /Users/runner/work/multiplierless-cpp/multiplierless-cpp/cpm_modules/xtensor/4a957e26c765b48cbec4a4235fe9e518d5a85d3d/include/xtensor/xarray.hpp:113:18: note: candidate constructor not viable: requires 3 arguments, but 1 was provided
build	build	2026-02-05T08:45:51.2617070Z   113 |         explicit xarray_container(const shape_type& shape, const strides_type& strides, const_reference value);
build	build	2026-02-05T08:45:51.2617550Z       |                  ^                ~~~~~~~~~~~~~~~~~~~~~~~~~~~~~~~~~~~~~~~~~~~~~~~~~~~~~~~~~~~~~~~~~~~~~~~~~~~
build	build	2026-02-05T08:45:51.2618380Z /Users/runner/work/multiplierless-cpp/multiplierless-cpp/cpm_modules/xtensor/4a957e26c765b48cbec4a4235fe9e518d5a85d3d/include/xtensor/xarray.hpp:114:18: note: candidate constructor not viable: requires 3 arguments, but 1 was provided
build	build	2026-02-05T08:45:51.2619340Z   114 |         explicit xarray_container(storage_type&& storage, inner_shape_type&& shape, inner_strides_type&& strides);
build	build	2026-02-05T08:45:51.2619890Z       |                  ^                ~~~~~~~~~~~~~~~~~~~~~~~~~~~~~~~~~~~~~~~~~~~~~~~~~~~~~~~~~~~~~~~~~~~~~~~~~~~~~~
build	build	2026-02-05T08:45:51.2620260Z fatal error: too many errors emitted, stopping now [-ferror-limit=]
build	build	2026-02-05T08:45:51.2620560Z 20 errors generated.
build	build	2026-02-05T08:45:51.2620860Z make[2]: *** [CMakeFiles/Multiplierless.dir/source/spectral_fact.cpp.o] Error 1
build	build	2026-02-05T08:45:51.2626890Z make[1]: *** [CMakeFiles/Multiplierless.dir/all] Error 2
build	build	2026-02-05T08:45:51.2627140Z make: *** [all] Error 2
build	build	2026-02-05T08:45:51.2636250Z ##[error]Process completed with exit code 2.
