build	build	ï»¿2026-02-05T09:10:26.3873980Z ##[group]Run cmake --build build -j4
build	build	2026-02-05T09:10:26.3874320Z [36;1mcmake --build build -j4[0m
build	build	2026-02-05T09:10:26.3908450Z shell: /bin/bash -e {0}
build	build	2026-02-05T09:10:26.3908810Z env:
build	build	2026-02-05T09:10:26.3909030Z   CTEST_OUTPUT_ON_FAILURE: 1
build	build	2026-02-05T09:10:26.3909440Z   CPM_SOURCE_CACHE: /Users/runner/work/multiplierless-cpp/multiplierless-cpp/cpm_modules
build	build	2026-02-05T09:10:26.3909950Z ##[endgroup]
build	build	2026-02-05T09:10:26.4681430Z [  9%] Building CXX object _deps/fmt-build/CMakeFiles/fmt.dir/src/format.cc.o
build	build	2026-02-05T09:10:26.4682500Z [  9%] Building CXX object _deps/fmt-build/CMakeFiles/fmt.dir/src/os.cc.o
build	build	2026-02-05T09:10:27.3663420Z [ 13%] Linking CXX static library libfmtd.a
build	build	2026-02-05T09:10:28.2086270Z [ 13%] Built target fmt
build	build	2026-02-05T09:10:28.2331950Z [ 18%] Building CXX object _deps/ellalgo-build/CMakeFiles/EllAlgo.dir/source/ell1d.cpp.o
build	build	2026-02-05T09:10:28.2332730Z [ 27%] Building CXX object _deps/ellalgo-build/CMakeFiles/EllAlgo.dir/source/ell_calc.cpp.o
build	build	2026-02-05T09:10:28.2333510Z [ 27%] Building CXX object _deps/ellalgo-build/CMakeFiles/EllAlgo.dir/source/ell_calc_core.cpp.o
build	build	2026-02-05T09:10:28.2376070Z /bin/sh: -c: line 0: syntax error near unexpected token `)'
build	build	2026-02-05T09:10:28.2376530Z [ 31%] Building CXX object _deps/ellalgo-build/CMakeFiles/EllAlgo.dir/source/ell_core.cpp.o
build	build	2026-02-05T09:10:28.2392320Z /bin/sh: -c: line 0: `cd /Users/runner/work/multiplierless-cpp/multiplierless-cpp/build/_deps/ellalgo-build && /usr/bin/c++ -D) -D="std::vector<typename" -DEA, -DEA>::size_type> -DSA -DT, -DXTENSOR_DEFAULT_SHAPE_CONTAINER -Dstd::vector<T, -I/Users/runner/work/multiplierless-cpp/multiplierless-cpp/cpm_modules/xtl/2488d2880f62ba7ac72b338cb555ffd0d908c20f/include -I/Users/runner/work/multiplierless-cpp/multiplierless-cpp/cpm_modules/xtensor/4a957e26c765b48cbec4a4235fe9e518d5a85d3d/include -I/Users/runner/work/multiplierless-cpp/multiplierless-cpp/cpm_modules/ellalgo/cfbb1bf23081a61aa7550aec8004ab724c35401a/include -I/Users/runner/work/multiplierless-cpp/multiplierless-cpp/build/_deps/ellalgo-build/PackageProjectInclude -I/Users/runner/work/multiplierless-cpp/multiplierless-cpp/cpm_modules/fmt/c3ebf53335b44df838d9982d1a0e35afe190e34f/include -g -arch arm64 -MD -MT _deps/ellalgo-build/CMakeFiles/EllAlgo.dir/source/ell_calc.cpp.o -MF CMakeFiles/EllAlgo.dir/source/ell_calc.cpp.o.d -o CMakeFiles/EllAlgo.dir/source/ell_calc.cpp.o -c /Users/runner/work/multiplierless-cpp/multiplierless-cpp/cpm_modules/ellalgo/cfbb1bf23081a61aa7550aec8004ab724c35401a/source/ell_calc.cpp'
build	build	2026-02-05T09:10:28.2396440Z make[2]: *** [_deps/ellalgo-build/CMakeFiles/EllAlgo.dir/source/ell_calc.cpp.o] Error 2
build	build	2026-02-05T09:10:28.2396780Z make[2]: *** Waiting for unfinished jobs....
build	build	2026-02-05T09:10:28.2397040Z /bin/sh: -c: line 0: syntax error near unexpected token `)'
build	build	2026-02-05T09:10:28.2400490Z /bin/sh: -c: line 0: `cd /Users/runner/work/multiplierless-cpp/multiplierless-cpp/build/_deps/ellalgo-build && /usr/bin/c++ -D) -D="std::vector<typename" -DEA, -DEA>::size_type> -DSA -DT, -DXTENSOR_DEFAULT_SHAPE_CONTAINER -Dstd::vector<T, -I/Users/runner/work/multiplierless-cpp/multiplierless-cpp/cpm_modules/xtl/2488d2880f62ba7ac72b338cb555ffd0d908c20f/include -I/Users/runner/work/multiplierless-cpp/multiplierless-cpp/cpm_modules/xtensor/4a957e26c765b48cbec4a4235fe9e518d5a85d3d/include -I/Users/runner/work/multiplierless-cpp/multiplierless-cpp/cpm_modules/ellalgo/cfbb1bf23081a61aa7550aec8004ab724c35401a/include -I/Users/runner/work/multiplierless-cpp/multiplierless-cpp/build/_deps/ellalgo-build/PackageProjectInclude -I/Users/runner/work/multiplierless-cpp/multiplierless-cpp/cpm_modules/fmt/c3ebf53335b44df838d9982d1a0e35afe190e34f/include -g -arch arm64 -MD -MT _deps/ellalgo-build/CMakeFiles/EllAlgo.dir/source/ell_calc_core.cpp.o -MF CMakeFiles/EllAlgo.dir/source/ell_calc_core.cpp.o.d -o CMakeFiles/EllAlgo.dir/source/ell_calc_core.cpp.o -c /Users/runner/work/multiplierless-cpp/multiplierless-cpp/cpm_modules/ellalgo/cfbb1bf23081a61aa7550aec8004ab724c35401a/source/ell_calc_core.cpp'
build	build	2026-02-05T09:10:28.2404830Z make[2]: *** [_deps/ellalgo-build/CMakeFiles/EllAlgo.dir/source/ell_calc_core.cpp.o] Error 2
build	build	2026-02-05T09:10:28.2405670Z /bin/sh: -c: line 0: syntax error near unexpected token `)'
build	build	2026-02-05T09:10:28.2409160Z /bin/sh: -c: line 0: `cd /Users/runner/work/multiplierless-cpp/multiplierless-cpp/build/_deps/ellalgo-build && /usr/bin/c++ -D) -D="std::vector<typename" -DEA, -DEA>::size_type> -DSA -DT, -DXTENSOR_DEFAULT_SHAPE_CONTAINER -Dstd::vector<T, -I/Users/runner/work/multiplierless-cpp/multiplierless-cpp/cpm_modules/xtl/2488d2880f62ba7ac72b338cb555ffd0d908c20f/include -I/Users/runner/work/multiplierless-cpp/multiplierless-cpp/cpm_modules/xtensor/4a957e26c765b48cbec4a4235fe9e518d5a85d3d/include -I/Users/runner/work/multiplierless-cpp/multiplierless-cpp/cpm_modules/ellalgo/cfbb1bf23081a61aa7550aec8004ab724c35401a/include -I/Users/runner/work/multiplierless-cpp/multiplierless-cpp/build/_deps/ellalgo-build/PackageProjectInclude -I/Users/runner/work/multiplierless-cpp/multiplierless-cpp/cpm_modules/fmt/c3ebf53335b44df838d9982d1a0e35afe190e34f/include -g -arch arm64 -MD -MT _deps/ellalgo-build/CMakeFiles/EllAlgo.dir/source/ell1d.cpp.o -MF CMakeFiles/EllAlgo.dir/source/ell1d.cpp.o.d -o CMakeFiles/EllAlgo.dir/source/ell1d.cpp.o -c /Users/runner/work/multiplierless-cpp/multiplierless-cpp/cpm_modules/ellalgo/cfbb1bf23081a61aa7550aec8004ab724c35401a/source/ell1d.cpp'
build	build	2026-02-05T09:10:28.2412940Z make[2]: *** [_deps/ellalgo-build/CMakeFiles/EllAlgo.dir/source/ell1d.cpp.o] Error 2
build	build	2026-02-05T09:10:28.2413520Z /bin/sh: -c: line 0: syntax error near unexpected token `)'
build	build	2026-02-05T09:10:28.2417310Z /bin/sh: -c: line 0: `cd /Users/runner/work/multiplierless-cpp/multiplierless-cpp/build/_deps/ellalgo-build && /usr/bin/c++ -D) -D="std::vector<typename" -DEA, -DEA>::size_type> -DSA -DT, -DXTENSOR_DEFAULT_SHAPE_CONTAINER -Dstd::vector<T, -I/Users/runner/work/multiplierless-cpp/multiplierless-cpp/cpm_modules/xtl/2488d2880f62ba7ac72b338cb555ffd0d908c20f/include -I/Users/runner/work/multiplierless-cpp/multiplierless-cpp/cpm_modules/xtensor/4a957e26c765b48cbec4a4235fe9e518d5a85d3d/include -I/Users/runner/work/multiplierless-cpp/multiplierless-cpp/cpm_modules/ellalgo/cfbb1bf23081a61aa7550aec8004ab724c35401a/include -I/Users/runner/work/multiplierless-cpp/multiplierless-cpp/build/_deps/ellalgo-build/PackageProjectInclude -I/Users/runner/work/multiplierless-cpp/multiplierless-cpp/cpm_modules/fmt/c3ebf53335b44df838d9982d1a0e35afe190e34f/include -g -arch arm64 -MD -MT _deps/ellalgo-build/CMakeFiles/EllAlgo.dir/source/ell_core.cpp.o -MF CMakeFiles/EllAlgo.dir/source/ell_core.cpp.o.d -o CMakeFiles/EllAlgo.dir/source/ell_core.cpp.o -c /Users/runner/work/multiplierless-cpp/multiplierless-cpp/cpm_modules/ellalgo/cfbb1bf23081a61aa7550aec8004ab724c35401a/source/ell_core.cpp'
build	build	2026-02-05T09:10:28.2421350Z make[2]: *** [_deps/ellalgo-build/CMakeFiles/EllAlgo.dir/source/ell_core.cpp.o] Error 2
build	build	2026-02-05T09:10:28.2421860Z make[1]: *** [_deps/ellalgo-build/CMakeFiles/EllAlgo.dir/all] Error 2
build	build	2026-02-05T09:10:28.2422200Z make: *** [all] Error 2
build	build	2026-02-05T09:10:28.2431450Z ##[error]Process completed with exit code 2.
